This file contains any messages produced by compilers while
running configure, to aid debugging if configure makes a mistake.

It was created by configure, which was
generated by GNU Autoconf 2.69.  Invocation command line was

  $ auto/configure --prefix=/usr --enable-luainterp=yes --enable-perlinterp=yes --enable-pythoninterp=yes --enable-rubyinterp=yes --enable-cscope --disable-netbeans --enable-multibyte --enable-largefile --enable-gui=no --with-features=huge --with-python-config-dir=/usr/lib/python2.7/config-x86_64-linux-gnu --srcdir=. --cache-file=auto/config.cache

## --------- ##
## Platform. ##
## --------- ##

hostname = kodaka
uname -m = x86_64
uname -r = 4.2.0-23-generic
uname -s = Linux
uname -v = #28-Ubuntu SMP Sun Dec 27 17:47:31 UTC 2015

/usr/bin/uname -p = unknown
/bin/uname -X     = unknown

/bin/arch              = unknown
/usr/bin/arch -k       = unknown
/usr/convex/getsysinfo = unknown
/usr/bin/hostinfo      = unknown
/bin/machine           = unknown
/usr/bin/oslevel       = unknown
/bin/universe          = unknown

PATH: /home/dante/.rbenv/plugins/ruby-build/bin
PATH: /home/dante/.rbenv/shims
PATH: /home/dante/.rbenv/bin
PATH: /home/dante/.pyenv/plugins/pyenv-virtualenv/shims
PATH: /home/dante/.pyenv/libexec
PATH: /home/dante/.pyenv/plugins/python-build/bin
PATH: /home/dante/.pyenv/plugins/pyenv-virtualenv/bin
PATH: /home/dante/.pyenv/plugins/pyenv-update/bin
PATH: /home/dante/.pyenv/plugins/pyenv-installer/bin
PATH: /home/dante/.pyenv/plugins/pyenv-doctor/bin
PATH: /home/dante/.pyenv/shims
PATH: /home/dante/.pyenv/bin
PATH: /usr/local/sbin
PATH: /usr/local/bin
PATH: /usr/sbin
PATH: /usr/bin
PATH: /sbin
PATH: /bin
PATH: /usr/games
PATH: /usr/local/games


## ----------- ##
## Core tests. ##
## ----------- ##

configure:2519: loading cache auto/config.cache
configure:2605: checking whether make sets $(MAKE)
configure:2627: result: yes
configure:2685: checking for gcc
configure:2712: result: gcc
configure:2941: checking for C compiler version
configure:2950: gcc --version >&5
gcc (Ubuntu 5.2.1-22ubuntu2) 5.2.1 20151010
Copyright (C) 2015 Free Software Foundation, Inc.
This is free software; see the source for copying conditions.  There is NO
warranty; not even for MERCHANTABILITY or FITNESS FOR A PARTICULAR PURPOSE.

configure:2961: $? = 0
configure:2950: gcc -v >&5
Using built-in specs.
COLLECT_GCC=gcc
COLLECT_LTO_WRAPPER=/usr/lib/gcc/x86_64-linux-gnu/5/lto-wrapper
Target: x86_64-linux-gnu
Configured with: ../src/configure -v --with-pkgversion='Ubuntu 5.2.1-22ubuntu2' --with-bugurl=file:///usr/share/doc/gcc-5/README.Bugs --enable-languages=c,ada,c++,java,go,d,fortran,objc,obj-c++ --prefix=/usr --program-suffix=-5 --enable-shared --enable-linker-build-id --libexecdir=/usr/lib --without-included-gettext --enable-threads=posix --libdir=/usr/lib --enable-nls --with-sysroot=/ --enable-clocale=gnu --enable-libstdcxx-debug --enable-libstdcxx-time=yes --with-default-libstdcxx-abi=new --enable-gnu-unique-object --disable-vtable-verify --enable-libmpx --enable-plugin --with-system-zlib --disable-browser-plugin --enable-java-awt=gtk --enable-gtk-cairo --with-java-home=/usr/lib/jvm/java-1.5.0-gcj-5-amd64/jre --enable-java-home --with-jvm-root-dir=/usr/lib/jvm/java-1.5.0-gcj-5-amd64 --with-jvm-jar-dir=/usr/lib/jvm-exports/java-1.5.0-gcj-5-amd64 --with-arch-directory=amd64 --with-ecj-jar=/usr/share/java/eclipse-ecj.jar --enable-objc-gc --enable-multiarch --disable-werror --with-arch-32=i686 --with-abi=m64 --with-multilib-list=m32,m64,mx32 --enable-multilib --with-tune=generic --enable-checking=release --build=x86_64-linux-gnu --host=x86_64-linux-gnu --target=x86_64-linux-gnu
Thread model: posix
gcc version 5.2.1 20151010 (Ubuntu 5.2.1-22ubuntu2) 
configure:2961: $? = 0
configure:2950: gcc -V >&5
gcc: error: unrecognized command line option '-V'
gcc: fatal error: no input files
compilation terminated.
configure:2961: $? = 1
configure:2950: gcc -qversion >&5
gcc: error: unrecognized command line option '-qversion'
gcc: fatal error: no input files
compilation terminated.
configure:2961: $? = 1
configure:2981: checking whether the C compiler works
configure:3003: gcc    conftest.c  >&5
configure:3007: $? = 0
configure:3055: result: yes
configure:3058: checking for C compiler default output file name
configure:3060: result: a.out
configure:3066: checking for suffix of executables
configure:3073: gcc -o conftest    conftest.c  >&5
configure:3077: $? = 0
configure:3099: result: 
configure:3121: checking whether we are cross compiling
configure:3129: gcc -o conftest    conftest.c  >&5
configure:3133: $? = 0
configure:3140: ./conftest
configure:3144: $? = 0
configure:3159: result: no
configure:3164: checking for suffix of object files
configure:3211: result: o
configure:3215: checking whether we are using the GNU C compiler
configure:3243: result: yes
configure:3252: checking whether gcc accepts -g
configure:3313: result: yes
configure:3330: checking for gcc option to accept ISO C89
configure:3406: result: none needed
configure:3430: checking how to run the C preprocessor
configure:3500: result: gcc -E
configure:3520: gcc -E  conftest.c
configure:3520: $? = 0
configure:3534: gcc -E  conftest.c
conftest.c:10:28: fatal error: ac_nonexistent.h: No such file or directory
compilation terminated.
configure:3534: $? = 1
configure: failed program was:
| /* confdefs.h */
| #define PACKAGE_NAME ""
| #define PACKAGE_TARNAME ""
| #define PACKAGE_VERSION ""
| #define PACKAGE_STRING ""
| #define PACKAGE_BUGREPORT ""
| #define PACKAGE_URL ""
| #define UNIX 1
| /* end confdefs.h.  */
| #include <ac_nonexistent.h>
configure:3563: checking for grep that handles long lines and -e
configure:3621: result: /bin/grep
configure:3626: checking for egrep
configure:3688: result: /bin/grep -E
configure:3702: checking for fgrep
configure:3764: result: /bin/grep -F
configure:3768: checking for library containing strerror
configure:3816: result: none required
configure:3827: checking for gawk
configure:3854: result: mawk
configure:3867: checking for strip
configure:3895: result: strip
configure:3906: checking for ANSI C header files
configure:4010: result: yes
configure:4018: checking for sys/wait.h that is POSIX.1 compatible
configure:4051: result: yes
configure:4061: checking --enable-fail-if-missing argument
configure:4070: result: no
configure:4093: checking for recent clang version
configure:4107: result: no
configure:4119: checking for buggy tools...
configure:4126: checking for BeOS
configure:4132: result: no
configure:4136: checking for QNX
configure:4143: result: no
configure:4147: checking for Darwin (Mac OS X)
configure:4362: result: no
configure:4368: checking for AvailabilityMacros.h
configure:4368: result: no
configure:4383: checking --with-local-dir argument
configure:4407: result: Defaulting to /usr/local
configure:4432: checking --with-vim-name argument
configure:4440: result: Defaulting to vim
configure:4445: checking --with-ex-name argument
configure:4453: result: Defaulting to ex
configure:4458: checking --with-view-name argument
configure:4466: result: Defaulting to view
configure:4472: checking --with-global-runtime argument
configure:4483: result: no
configure:4488: checking --with-modified-by argument
configure:4499: result: no
configure:4504: checking if character set is EBCDIC
configure:4523: gcc -c -g -O2  conftest.c >&5
conftest.c: In function 'main':
conftest.c:21:1: error: unknown type name 'make'
 make an error "Character set is not EBCDIC"
 ^
conftest.c:21:9: error: expected '=', ',', ';', 'asm' or '__attribute__' before 'error'
 make an error "Character set is not EBCDIC"
         ^
configure:4523: $? = 1
configure: failed program was:
| /* confdefs.h */
| #define PACKAGE_NAME ""
| #define PACKAGE_TARNAME ""
| #define PACKAGE_VERSION ""
| #define PACKAGE_STRING ""
| #define PACKAGE_BUGREPORT ""
| #define PACKAGE_URL ""
| #define UNIX 1
| #define STDC_HEADERS 1
| #define HAVE_SYS_WAIT_H 1
| /* end confdefs.h.  */
| 
| int
| main ()
| {
|  /* TryCompile function for CharSet.
|    Treat any failure as ASCII for compatibility with existing art.
|    Use compile-time rather than run-time tests for cross-compiler
|    tolerance.  */
| #if '0'!=240
| make an error "Character set is not EBCDIC"
| #endif
|   ;
|   return 0;
| }
configure:4533: result: no
configure:4594: checking --disable-smack argument
configure:4604: result: no
configure:4606: checking for linux/xattr.h
configure:4606: result: yes
configure:4619: checking for attr/xattr.h
configure:4619: result: no
configure:4693: checking --disable-selinux argument
configure:4703: result: no
configure:4705: checking for is_selinux_enabled in -lselinux
configure:4739: result: yes
configure:4754: checking --with-features argument
configure:4759: result: huge
configure:4790: checking --with-compiledby argument
configure:4798: result: no
configure:4804: checking --disable-xsmp argument
configure:4815: result: no
configure:4817: checking --disable-xsmp-interact argument
configure:4827: result: no
configure:4840: checking --enable-luainterp argument
configure:4849: result: yes
configure:4855: checking --with-lua-prefix argument
configure:4863: result: no
configure:4871: checking LUA_PREFIX environment var
configure:4878: result: not set, default to /usr
configure:4884: checking --with-luajit
configure:4894: result: no
configure:4965: checking for lua
configure:4998: result: no
configure:5027: checking if lua.h can be found in /usr/include
configure:5033: result: no
configure:5035: checking if lua.h can be found in /usr/include/lua
configure:5038: result: yes
configure:5073: checking if link with -L/usr/lib -llua is sane
configure:5088: gcc -o conftest -g -O2   -L/usr/local/lib conftest.c  -lselinux -L/usr/lib -llua >&5
configure:5088: $? = 0
configure:5089: result: yes
configure:5176: checking --enable-mzschemeinterp argument
configure:5185: result: no
configure:5522: checking --enable-perlinterp argument
configure:5531: result: yes
configure:5537: checking for perl
configure:5567: result: /usr/bin/perl
configure:5576: checking Perl version
configure:5600: result: OK
configure:5624: checking if compile and link flags for Perl are sane
configure:5644: gcc -o conftest -g -O2  -D_REENTRANT -D_GNU_SOURCE -DDEBIAN -fwrapv  -pipe -I/usr/local/include -D_LARGEFILE_SOURCE -D_FILE_OFFSET_BITS=64  -I/usr/lib/x86_64-linux-gnu/perl/5.20/CORE   -Wl,-E   -L/usr/local/lib conftest.c  -lselinux -Wl,-E  -fstack-protector -L/usr/local/lib  -L/usr/lib/x86_64-linux-gnu/perl/5.20/CORE -lperl -ldl -lm -lpthread -lcrypt >&5
configure:5644: $? = 0
configure:5645: result: yes
configure:5719: checking --enable-pythoninterp argument
configure:5728: result: yes
configure:5739: checking for python2
configure:5769: result: /usr/bin/python2
configure:5782: checking Python version
configure:5791: result: 2.7
configure:5794: checking Python is 2.3 or better
configure:5799: result: yep
configure:5802: checking Python's install prefix
configure:5811: result: /usr
configure:5814: checking Python's execution prefix
configure:5823: result: /usr
configure:5845: checking Python's configuration directory
configure:5867: result: /usr/lib/python2.7/config-x86_64-linux-gnu
configure:5952: checking if -pthread should be used
configure:5982: gcc -o conftest -g -O2 -pthread  -Wl,-E   -L/usr/local/lib conftest.c  -lselinux  >&5
configure:5982: $? = 0
configure:5983: result: yes
configure:5998: checking if compile and link flags for Python are sane
configure:6015: gcc -o conftest -g -O2 -I/usr/include/python2.7 -DPYTHON_HOME='"/usr"' -pthread  -Wl,-E   -L/usr/local/lib conftest.c  -lselinux  -L/usr/lib/python2.7/config-x86_64-linux-gnu -lpython2.7 -lpthread -ldl -lutil -lm -Xlinker -export-dynamic -Wl,-O1 -Wl,-Bsymbolic-functions >&5
configure:6015: $? = 0
configure:6016: result: yes
configure:6056: checking --enable-python3interp argument
configure:6065: result: no
configure:6530: checking if -fPIE can be added for Python
configure:6547: gcc -o conftest -g -O2 -I/usr/include/python2.7 -DPYTHON_HOME='"/usr"' -pthread -fPIE  -Wl,-E   -L/usr/local/lib conftest.c  -lselinux  -L/usr/lib/python2.7/config-x86_64-linux-gnu -lpython2.7 -lpthread -ldl -lutil -lm -Xlinker -export-dynamic -Wl,-O1 -Wl,-Bsymbolic-functions >&5
configure:6547: $? = 0
configure:6548: result: yes
configure:6602: checking --enable-tclinterp argument
configure:6611: result: no
configure:6945: checking --enable-rubyinterp argument
configure:6954: result: yes
configure:6961: checking --with-ruby-command argument
configure:6970: result: defaulting to ruby
configure:6976: checking for ruby
configure:7006: result: /usr/bin/ruby
configure:7015: checking Ruby version
configure:7088: result: too old; need Ruby version 1.6.0 or later
configure:7103: checking --enable-cscope argument
configure:7112: result: yes
configure:7119: checking --enable-workshop argument
configure:7128: result: no
configure:7142: checking --disable-netbeans argument
configure:7290: result: yes
configure:7302: checking --enable-sniff argument
configure:7311: result: no
configure:7322: checking --enable-multibyte argument
configure:7331: result: yes
configure:7338: checking --enable-hangulinput argument
configure:7347: result: no
configure:7350: checking --enable-xim argument
configure:7357: result: defaulting to auto
configure:7362: checking --enable-fontset argument
configure:7371: result: no
configure:7383: checking for xmkmf
configure:7416: result: no
configure:7422: checking for X
configure:7611: result: libraries , headers 
configure:7710: gcc -o conftest -g -O2  -Wl,-E   -L/usr/local/lib conftest.c  -lselinux   -lX11 >&5
configure:7710: $? = 0
configure:7808: checking for gethostbyname
configure:7808: result: yes
configure:7905: checking for connect
configure:7905: result: yes
configure:7954: checking for remove
configure:7954: result: yes
configure:8003: checking for shmat
configure:8003: result: yes
configure:8061: checking for IceConnectionNumber in -lICE
configure:8095: result: yes
configure:8136: checking if X11 header files can be found
configure:8152: gcc -c -g -O2    conftest.c >&5
configure:8152: $? = 0
configure:8153: result: yes
configure:8173: checking for _XdmcpAuthDoIt in -lXdmcp
configure:8207: result: yes
configure:8214: checking for IceOpenConnection in -lICE
configure:8248: result: yes
configure:8256: checking for XpmCreatePixmapFromData in -lXpm
configure:8290: result: yes
configure:8297: checking if X11 header files implicitly declare return values
configure:8316: gcc -c -g -O2   -Werror  conftest.c >&5
configure:8316: $? = 0
configure:8317: result: no
configure:8348: checking size of wchar_t is 2 bytes
configure:8382: result: no
configure:8394: checking --enable-gui argument
configure:8454: result: no GUI support
configure:9318: checking for X11/SM/SMlib.h
configure:9318: result: yes
configure:9503: checking for CYGWIN environment
configure:9521: result: no
configure:9541: checking whether toupper is broken
configure:9578: result: no
configure:9586: checking whether __DATE__ and __TIME__ work
configure:9599: gcc -c -g -O2  conftest.c >&5
configure:9599: $? = 0
configure:9600: result: yes
configure:9609: checking whether __attribute__((unused)) is allowed
configure:9622: gcc -c -g -O2  conftest.c >&5
configure:9622: $? = 0
configure:9623: result: yes
configure:9632: checking for elf.h
configure:9632: result: yes
configure:9639: checking for main in -lelf
configure:9667: result: no
configure:9683: checking for dirent.h that defines DIR
configure:9710: result: yes
configure:9723: checking for library containing opendir
configure:9771: result: none required
configure:9879: checking for stdarg.h
configure:9879: result: yes
configure:9879: checking for stdint.h
configure:9879: result: yes
configure:9879: checking for stdlib.h
configure:9879: result: yes
configure:9879: checking for string.h
configure:9879: result: yes
configure:9879: checking for sys/select.h
configure:9879: result: yes
configure:9879: checking for sys/utsname.h
configure:9879: result: yes
configure:9879: checking for termcap.h
configure:9879: result: yes
configure:9879: checking for fcntl.h
configure:9879: result: yes
configure:9879: checking for sgtty.h
configure:9879: result: yes
configure:9879: checking for sys/ioctl.h
configure:9879: result: yes
configure:9879: checking for sys/time.h
configure:9879: result: yes
configure:9879: checking for sys/types.h
configure:9879: result: yes
configure:9879: checking for termio.h
configure:9879: result: yes
configure:9879: checking for iconv.h
configure:9879: result: yes
configure:9879: checking for inttypes.h
configure:9879: result: yes
configure:9879: checking for langinfo.h
configure:9879: result: yes
configure:9879: checking for math.h
configure:9879: result: yes
configure:9879: checking for unistd.h
configure:9879: result: yes
configure:9879: checking for stropts.h
configure:9879: result: yes
configure:9879: checking for errno.h
configure:9879: result: yes
configure:9879: checking for sys/resource.h
configure:9879: result: yes
configure:9879: checking for sys/systeminfo.h
configure:9879: result: no
configure:9879: checking for locale.h
configure:9879: result: yes
configure:9879: checking for sys/stream.h
configure:9879: result: no
configure:9879: checking for termios.h
configure:9879: result: yes
configure:9879: checking for libc.h
configure:9879: result: no
configure:9879: checking for sys/statfs.h
configure:9879: result: yes
configure:9879: checking for poll.h
configure:9879: result: yes
configure:9879: checking for sys/poll.h
configure:9879: result: yes
configure:9879: checking for pwd.h
configure:9879: result: yes
configure:9879: checking for utime.h
configure:9879: result: yes
configure:9879: checking for sys/param.h
configure:9879: result: yes
configure:9879: checking for libintl.h
configure:9879: result: yes
configure:9879: checking for libgen.h
configure:9879: result: yes
configure:9879: checking for util/debug.h
configure:9879: result: no
configure:9879: checking for util/msg18n.h
configure:9879: result: no
configure:9879: checking for frame.h
configure:9879: result: no
configure:9879: checking for sys/acl.h
configure:9879: result: no
configure:9879: checking for sys/access.h
configure:9879: result: no
configure:9879: checking for sys/sysinfo.h
configure:9879: result: yes
configure:9879: checking for wchar.h
configure:9879: result: yes
configure:9879: checking for wctype.h
configure:9879: result: yes
configure:9892: checking for sys/ptem.h
configure:9892: result: no
configure:9908: checking for sys/sysctl.h
configure:9908: result: yes
configure:9923: checking for pthread_np.h
configure:9938: gcc -c -g -O2  conftest.c >&5
conftest.c:62:24: fatal error: pthread_np.h: No such file or directory
compilation terminated.
configure:9938: $? = 1
configure: failed program was:
| /* confdefs.h */
| #define PACKAGE_NAME ""
| #define PACKAGE_TARNAME ""
| #define PACKAGE_VERSION ""
| #define PACKAGE_STRING ""
| #define PACKAGE_BUGREPORT ""
| #define PACKAGE_URL ""
| #define UNIX 1
| #define STDC_HEADERS 1
| #define HAVE_SYS_WAIT_H 1
| #define HAVE_SELINUX 1
| #define FEAT_HUGE 1
| #define USE_XSMP_INTERACT 1
| #define FEAT_LUA 1
| #define FEAT_PERL 1
| #define FEAT_PYTHON 1
| #define FEAT_CSCOPE 1
| #define FEAT_MBYTE 1
| #define HAVE_X11 1
| #define HAVE_X11_SM_SMLIB_H 1
| #define HAVE_DATE_TIME 1
| #define HAVE_ATTRIBUTE_UNUSED 1
| #define HAVE_DIRENT_H 1
| #define HAVE_STDARG_H 1
| #define HAVE_STDINT_H 1
| #define HAVE_STDLIB_H 1
| #define HAVE_STRING_H 1
| #define HAVE_SYS_SELECT_H 1
| #define HAVE_SYS_UTSNAME_H 1
| #define HAVE_TERMCAP_H 1
| #define HAVE_FCNTL_H 1
| #define HAVE_SGTTY_H 1
| #define HAVE_SYS_IOCTL_H 1
| #define HAVE_SYS_TIME_H 1
| #define HAVE_SYS_TYPES_H 1
| #define HAVE_TERMIO_H 1
| #define HAVE_ICONV_H 1
| #define HAVE_INTTYPES_H 1
| #define HAVE_LANGINFO_H 1
| #define HAVE_MATH_H 1
| #define HAVE_UNISTD_H 1
| #define HAVE_STROPTS_H 1
| #define HAVE_ERRNO_H 1
| #define HAVE_SYS_RESOURCE_H 1
| #define HAVE_LOCALE_H 1
| #define HAVE_TERMIOS_H 1
| #define HAVE_SYS_STATFS_H 1
| #define HAVE_POLL_H 1
| #define HAVE_SYS_POLL_H 1
| #define HAVE_PWD_H 1
| #define HAVE_UTIME_H 1
| #define HAVE_SYS_PARAM_H 1
| #define HAVE_LIBINTL_H 1
| #define HAVE_LIBGEN_H 1
| #define HAVE_SYS_SYSINFO_H 1
| #define HAVE_WCHAR_H 1
| #define HAVE_WCTYPE_H 1
| #define HAVE_SYS_SYSCTL_H 1
| /* end confdefs.h.  */
| 
| #include <pthread.h>
| #include <pthread_np.h>
| int
| main ()
| {
| int i; i = 0;
|   ;
|   return 0;
| }
configure:9944: result: no
configure:9951: checking for strings.h
configure:9951: result: yes
configure:9966: checking if strings.h can be included after string.h
configure:9995: gcc -c -g -O2    conftest.c >&5
configure:9995: $? = 0
configure:9996: result: yes
configure:10009: checking whether gcc needs -traditional
configure:10043: result: no
configure:10050: checking for an ANSI C-conforming const
configure:10123: result: yes
configure:10131: checking for working volatile
configure:10157: result: yes
configure:10165: checking for mode_t
configure:10165: result: yes
configure:10176: checking for off_t
configure:10176: result: yes
configure:10187: checking for pid_t
configure:10187: result: yes
configure:10198: checking for size_t
configure:10198: result: yes
configure:10209: checking for uid_t in sys/types.h
configure:10228: result: yes
configure:10239: checking for uint32_t
configure:10239: result: yes
configure:10254: checking whether time.h and sys/time.h may both be included
configure:10281: result: yes
configure:10289: checking for ino_t
configure:10289: result: yes
configure:10300: checking for dev_t
configure:10300: result: yes
configure:10311: checking whether byte ordering is bigendian
configure:10517: result: no
configure:10536: checking for rlim_t
configure:10539: result: (cached) yes
configure:10572: checking for stack_t
configure:10575: result: (cached) yes
configure:10606: checking whether stack_t has an ss_base field
configure:10627: gcc -c -g -O2  conftest.c >&5
conftest.c: In function 'main':
conftest.c:74:23: error: 'stack_t {aka struct sigaltstack}' has no member named 'ss_base'
 stack_t sigstk; sigstk.ss_base = 0;
                       ^
configure:10627: $? = 1
configure: failed program was:
| /* confdefs.h */
| #define PACKAGE_NAME ""
| #define PACKAGE_TARNAME ""
| #define PACKAGE_VERSION ""
| #define PACKAGE_STRING ""
| #define PACKAGE_BUGREPORT ""
| #define PACKAGE_URL ""
| #define UNIX 1
| #define STDC_HEADERS 1
| #define HAVE_SYS_WAIT_H 1
| #define HAVE_SELINUX 1
| #define FEAT_HUGE 1
| #define USE_XSMP_INTERACT 1
| #define FEAT_LUA 1
| #define FEAT_PERL 1
| #define FEAT_PYTHON 1
| #define FEAT_CSCOPE 1
| #define FEAT_MBYTE 1
| #define HAVE_X11 1
| #define HAVE_X11_SM_SMLIB_H 1
| #define HAVE_DATE_TIME 1
| #define HAVE_ATTRIBUTE_UNUSED 1
| #define HAVE_DIRENT_H 1
| #define HAVE_STDARG_H 1
| #define HAVE_STDINT_H 1
| #define HAVE_STDLIB_H 1
| #define HAVE_STRING_H 1
| #define HAVE_SYS_SELECT_H 1
| #define HAVE_SYS_UTSNAME_H 1
| #define HAVE_TERMCAP_H 1
| #define HAVE_FCNTL_H 1
| #define HAVE_SGTTY_H 1
| #define HAVE_SYS_IOCTL_H 1
| #define HAVE_SYS_TIME_H 1
| #define HAVE_SYS_TYPES_H 1
| #define HAVE_TERMIO_H 1
| #define HAVE_ICONV_H 1
| #define HAVE_INTTYPES_H 1
| #define HAVE_LANGINFO_H 1
| #define HAVE_MATH_H 1
| #define HAVE_UNISTD_H 1
| #define HAVE_STROPTS_H 1
| #define HAVE_ERRNO_H 1
| #define HAVE_SYS_RESOURCE_H 1
| #define HAVE_LOCALE_H 1
| #define HAVE_TERMIOS_H 1
| #define HAVE_SYS_STATFS_H 1
| #define HAVE_POLL_H 1
| #define HAVE_SYS_POLL_H 1
| #define HAVE_PWD_H 1
| #define HAVE_UTIME_H 1
| #define HAVE_SYS_PARAM_H 1
| #define HAVE_LIBINTL_H 1
| #define HAVE_LIBGEN_H 1
| #define HAVE_SYS_SYSINFO_H 1
| #define HAVE_WCHAR_H 1
| #define HAVE_WCTYPE_H 1
| #define HAVE_SYS_SYSCTL_H 1
| #define HAVE_STRINGS_H 1
| #define TIME_WITH_SYS_TIME 1
| /* end confdefs.h.  */
| 
| #include <sys/types.h>
| #if STDC_HEADERS
| # include <stdlib.h>
| # include <stddef.h>
| #endif
| #include <signal.h>
| #include "confdefs.h"
| 
| int
| main ()
| {
| stack_t sigstk; sigstk.ss_base = 0;
|   ;
|   return 0;
| }
configure:10632: result: no
configure:10638: checking --with-tlib argument
configure:10673: result: empty: automatic terminal library selection
configure:10681: checking for tgetent in -ltinfo
configure:10716: result: yes
configure:10743: gcc -o conftest -g -O2  -Wl,-E   -L/usr/local/lib conftest.c -ltinfo  -lselinux  >&5
conftest.c:71:1: warning: return type defaults to 'int' [-Wimplicit-int]
 main() {char *s; s=(char *)tgoto("%p1%d", 0, 1); exit(0); }
 ^
configure:10743: $? = 0
configure:10743: ./conftest
configure:10743: $? = 0
configure:10792: checking whether we talk terminfo
configure:10836: result: yes
configure:10845: checking what tgetent() returns for an unknown terminal
configure:10886: result: zero
configure:10895: checking whether termcap.h contains ospeed
configure:10912: gcc -o conftest -g -O2  -Wl,-E   -L/usr/local/lib conftest.c -ltinfo  -lselinux  >&5
configure:10912: $? = 0
configure:10913: result: yes
configure:10952: checking whether termcap.h contains UP, BC and PC
configure:10969: gcc -o conftest -g -O2  -Wl,-E   -L/usr/local/lib conftest.c -ltinfo  -lselinux  >&5
configure:10969: $? = 0
configure:10970: result: yes
configure:11009: checking whether tputs() uses outfuntype
configure:11026: gcc -c -g -O2  conftest.c >&5
conftest.c: In function 'main':
conftest.c:75:36: error: 'outfuntype' undeclared (first use in this function)
 extern int xx(); tputs("test", 1, (outfuntype)xx)
                                    ^
conftest.c:75:36: note: each undeclared identifier is reported only once for each function it appears in
conftest.c:75:47: error: expected ')' before 'xx'
 extern int xx(); tputs("test", 1, (outfuntype)xx)
                                               ^
configure:11026: $? = 1
configure: failed program was:
| /* confdefs.h */
| #define PACKAGE_NAME ""
| #define PACKAGE_TARNAME ""
| #define PACKAGE_VERSION ""
| #define PACKAGE_STRING ""
| #define PACKAGE_BUGREPORT ""
| #define PACKAGE_URL ""
| #define UNIX 1
| #define STDC_HEADERS 1
| #define HAVE_SYS_WAIT_H 1
| #define HAVE_SELINUX 1
| #define FEAT_HUGE 1
| #define USE_XSMP_INTERACT 1
| #define FEAT_LUA 1
| #define FEAT_PERL 1
| #define FEAT_PYTHON 1
| #define FEAT_CSCOPE 1
| #define FEAT_MBYTE 1
| #define HAVE_X11 1
| #define HAVE_X11_SM_SMLIB_H 1
| #define HAVE_DATE_TIME 1
| #define HAVE_ATTRIBUTE_UNUSED 1
| #define HAVE_DIRENT_H 1
| #define HAVE_STDARG_H 1
| #define HAVE_STDINT_H 1
| #define HAVE_STDLIB_H 1
| #define HAVE_STRING_H 1
| #define HAVE_SYS_SELECT_H 1
| #define HAVE_SYS_UTSNAME_H 1
| #define HAVE_TERMCAP_H 1
| #define HAVE_FCNTL_H 1
| #define HAVE_SGTTY_H 1
| #define HAVE_SYS_IOCTL_H 1
| #define HAVE_SYS_TIME_H 1
| #define HAVE_SYS_TYPES_H 1
| #define HAVE_TERMIO_H 1
| #define HAVE_ICONV_H 1
| #define HAVE_INTTYPES_H 1
| #define HAVE_LANGINFO_H 1
| #define HAVE_MATH_H 1
| #define HAVE_UNISTD_H 1
| #define HAVE_STROPTS_H 1
| #define HAVE_ERRNO_H 1
| #define HAVE_SYS_RESOURCE_H 1
| #define HAVE_LOCALE_H 1
| #define HAVE_TERMIOS_H 1
| #define HAVE_SYS_STATFS_H 1
| #define HAVE_POLL_H 1
| #define HAVE_SYS_POLL_H 1
| #define HAVE_PWD_H 1
| #define HAVE_UTIME_H 1
| #define HAVE_SYS_PARAM_H 1
| #define HAVE_LIBINTL_H 1
| #define HAVE_LIBGEN_H 1
| #define HAVE_SYS_SYSINFO_H 1
| #define HAVE_WCHAR_H 1
| #define HAVE_WCTYPE_H 1
| #define HAVE_SYS_SYSCTL_H 1
| #define HAVE_STRINGS_H 1
| #define TIME_WITH_SYS_TIME 1
| #define HAVE_LIBTINFO 1
| #define TERMINFO 1
| #define TGETENT_ZERO_ERR 0
| #define HAVE_OSPEED 1
| #define HAVE_UP_BC_PC 1
| /* end confdefs.h.  */
| 
| #ifdef HAVE_TERMCAP_H
| # include <termcap.h>
| #endif
| 
| int
| main ()
| {
| extern int xx(); tputs("test", 1, (outfuntype)xx)
|   ;
|   return 0;
| }
configure:11031: result: no
configure:11036: checking whether sys/select.h and sys/time.h may both be included
configure:11052: gcc -c -g -O2  conftest.c >&5
configure:11052: $? = 0
configure:11053: result: yes
configure:11064: checking for /dev/ptc
configure:11072: result: no
configure:11076: checking for SVR4 ptys
configure:11090: gcc -o conftest -g -O2  -Wl,-E   -L/usr/local/lib conftest.c -ltinfo  -lselinux  >&5
conftest.c: In function 'main':
conftest.c:72:1: warning: implicit declaration of function 'ptsname' [-Wimplicit-function-declaration]
 ptsname(0);grantpt(0);unlockpt(0);
 ^
conftest.c:72:12: warning: implicit declaration of function 'grantpt' [-Wimplicit-function-declaration]
 ptsname(0);grantpt(0);unlockpt(0);
            ^
conftest.c:72:23: warning: implicit declaration of function 'unlockpt' [-Wimplicit-function-declaration]
 ptsname(0);grantpt(0);unlockpt(0);
                       ^
configure:11090: $? = 0
configure:11091: result: yes
configure:11105: checking for ptyranges
configure:11141: result: don't know
configure:11146: checking default tty permissions/group
configure:11225: result: world
configure:11243: checking return type of signal handlers
configure:11268: result: void
configure:11285: checking for struct sigcontext
configure:11305: gcc -c -g -O2  conftest.c >&5
conftest.c:73:1: warning: return type defaults to 'int' [-Wimplicit-int]
 test_sig()
 ^
configure:11305: $? = 0
configure:11306: result: yes
configure:11316: checking getcwd implementation is broken
configure:11359: result: no
configure:11376: checking for bcmp
configure:11376: result: yes
configure:11376: checking for fchdir
configure:11376: result: yes
configure:11376: checking for fchown
configure:11376: result: yes
configure:11376: checking for fsync
configure:11376: result: yes
configure:11376: checking for getcwd
configure:11376: result: yes
configure:11376: checking for getpseudotty
configure:11376: result: no
configure:11376: checking for getpwent
configure:11376: result: yes
configure:11376: checking for getpwnam
configure:11376: result: yes
configure:11376: checking for getpwuid
configure:11376: result: yes
configure:11376: checking for getrlimit
configure:11376: result: yes
configure:11376: checking for gettimeofday
configure:11376: result: yes
configure:11376: checking for getwd
configure:11376: result: yes
configure:11376: checking for lstat
configure:11376: result: yes
configure:11376: checking for memcmp
configure:11376: result: yes
configure:11376: checking for memset
configure:11376: result: yes
configure:11376: checking for mkdtemp
configure:11376: result: yes
configure:11376: checking for nanosleep
configure:11376: result: yes
configure:11376: checking for opendir
configure:11376: result: yes
configure:11376: checking for putenv
configure:11376: result: yes
configure:11376: checking for qsort
configure:11376: result: yes
configure:11376: checking for readlink
configure:11376: result: yes
configure:11376: checking for select
configure:11376: result: yes
configure:11376: checking for setenv
configure:11376: result: yes
configure:11376: checking for setpgid
configure:11376: result: yes
configure:11376: checking for setsid
configure:11376: result: yes
configure:11376: checking for sigaltstack
configure:11376: result: yes
configure:11376: checking for sigstack
configure:11376: result: yes
configure:11376: checking for sigset
configure:11376: result: yes
configure:11376: checking for sigsetjmp
configure:11376: result: no
configure:11376: checking for sigaction
configure:11376: result: yes
configure:11376: checking for sigvec
configure:11376: result: yes
configure:11376: checking for strcasecmp
configure:11376: result: yes
configure:11376: checking for strerror
configure:11376: result: yes
configure:11376: checking for strftime
configure:11376: result: yes
configure:11376: checking for stricmp
configure:11376: result: no
configure:11376: checking for strncasecmp
configure:11376: result: yes
configure:11376: checking for strnicmp
configure:11376: result: no
configure:11376: checking for strpbrk
configure:11376: result: yes
configure:11376: checking for strtol
configure:11376: result: yes
configure:11376: checking for tgetent
configure:11376: result: yes
configure:11376: checking for towlower
configure:11376: result: yes
configure:11376: checking for towupper
configure:11376: result: yes
configure:11376: checking for iswupper
configure:11376: result: yes
configure:11376: checking for usleep
configure:11376: result: yes
configure:11376: checking for utime
configure:11376: result: yes
configure:11376: checking for utimes
configure:11376: result: yes
configure:11385: checking for _LARGEFILE_SOURCE value needed for large files
configure:11432: result: no
configure:11461: checking for special C compiler options needed for large files
configure:11506: result: no
configure:11512: checking for _FILE_OFFSET_BITS value needed for large files
configure:11569: result: no
configure:11655: checking for st_blksize
configure:11673: gcc -c -g -O2  conftest.c >&5
configure:11673: $? = 0
configure:11674: result: yes
configure:11683: checking whether stat() ignores a trailing slash
configure:11722: result: no
configure:11730: checking for iconv_open()
configure:11749: gcc -o conftest -g -O2  -Wl,-E   -L/usr/local/lib conftest.c -ltinfo  -lselinux  -liconv >&5
/usr/bin/ld: cannot find -liconv
collect2: error: ld returned 1 exit status
configure:11749: $? = 1
configure: failed program was:
| /* confdefs.h */
| #define PACKAGE_NAME ""
| #define PACKAGE_TARNAME ""
| #define PACKAGE_VERSION ""
| #define PACKAGE_STRING ""
| #define PACKAGE_BUGREPORT ""
| #define PACKAGE_URL ""
| #define UNIX 1
| #define STDC_HEADERS 1
| #define HAVE_SYS_WAIT_H 1
| #define HAVE_SELINUX 1
| #define FEAT_HUGE 1
| #define USE_XSMP_INTERACT 1
| #define FEAT_LUA 1
| #define FEAT_PERL 1
| #define FEAT_PYTHON 1
| #define FEAT_CSCOPE 1
| #define FEAT_MBYTE 1
| #define HAVE_X11 1
| #define HAVE_X11_SM_SMLIB_H 1
| #define HAVE_DATE_TIME 1
| #define HAVE_ATTRIBUTE_UNUSED 1
| #define HAVE_DIRENT_H 1
| #define HAVE_STDARG_H 1
| #define HAVE_STDINT_H 1
| #define HAVE_STDLIB_H 1
| #define HAVE_STRING_H 1
| #define HAVE_SYS_SELECT_H 1
| #define HAVE_SYS_UTSNAME_H 1
| #define HAVE_TERMCAP_H 1
| #define HAVE_FCNTL_H 1
| #define HAVE_SGTTY_H 1
| #define HAVE_SYS_IOCTL_H 1
| #define HAVE_SYS_TIME_H 1
| #define HAVE_SYS_TYPES_H 1
| #define HAVE_TERMIO_H 1
| #define HAVE_ICONV_H 1
| #define HAVE_INTTYPES_H 1
| #define HAVE_LANGINFO_H 1
| #define HAVE_MATH_H 1
| #define HAVE_UNISTD_H 1
| #define HAVE_STROPTS_H 1
| #define HAVE_ERRNO_H 1
| #define HAVE_SYS_RESOURCE_H 1
| #define HAVE_LOCALE_H 1
| #define HAVE_TERMIOS_H 1
| #define HAVE_SYS_STATFS_H 1
| #define HAVE_POLL_H 1
| #define HAVE_SYS_POLL_H 1
| #define HAVE_PWD_H 1
| #define HAVE_UTIME_H 1
| #define HAVE_SYS_PARAM_H 1
| #define HAVE_LIBINTL_H 1
| #define HAVE_LIBGEN_H 1
| #define HAVE_SYS_SYSINFO_H 1
| #define HAVE_WCHAR_H 1
| #define HAVE_WCTYPE_H 1
| #define HAVE_SYS_SYSCTL_H 1
| #define HAVE_STRINGS_H 1
| #define TIME_WITH_SYS_TIME 1
| #define HAVE_LIBTINFO 1
| #define TERMINFO 1
| #define TGETENT_ZERO_ERR 0
| #define HAVE_OSPEED 1
| #define HAVE_UP_BC_PC 1
| #define SYS_SELECT_WITH_SYS_TIME 1
| #define HAVE_SVR4_PTYS 1
| #define RETSIGTYPE void
| #define SIGRETURN return
| #define HAVE_SIGCONTEXT 1
| #define HAVE_BCMP 1
| #define HAVE_FCHDIR 1
| #define HAVE_FCHOWN 1
| #define HAVE_FSYNC 1
| #define HAVE_GETCWD 1
| #define HAVE_GETPWENT 1
| #define HAVE_GETPWNAM 1
| #define HAVE_GETPWUID 1
| #define HAVE_GETRLIMIT 1
| #define HAVE_GETTIMEOFDAY 1
| #define HAVE_GETWD 1
| #define HAVE_LSTAT 1
| #define HAVE_MEMCMP 1
| #define HAVE_MEMSET 1
| #define HAVE_MKDTEMP 1
| #define HAVE_NANOSLEEP 1
| #define HAVE_OPENDIR 1
| #define HAVE_PUTENV 1
| #define HAVE_QSORT 1
| #define HAVE_READLINK 1
| #define HAVE_SELECT 1
| #define HAVE_SETENV 1
| #define HAVE_SETPGID 1
| #define HAVE_SETSID 1
| #define HAVE_SIGALTSTACK 1
| #define HAVE_SIGSTACK 1
| #define HAVE_SIGSET 1
| #define HAVE_SIGACTION 1
| #define HAVE_SIGVEC 1
| #define HAVE_STRCASECMP 1
| #define HAVE_STRERROR 1
| #define HAVE_STRFTIME 1
| #define HAVE_STRNCASECMP 1
| #define HAVE_STRPBRK 1
| #define HAVE_STRTOL 1
| #define HAVE_TGETENT 1
| #define HAVE_TOWLOWER 1
| #define HAVE_TOWUPPER 1
| #define HAVE_ISWUPPER 1
| #define HAVE_USLEEP 1
| #define HAVE_UTIME 1
| #define HAVE_UTIMES 1
| #define HAVE_FSEEKO 1
| #define HAVE_ST_BLKSIZE 1
| /* end confdefs.h.  */
| 
| #ifdef HAVE_ICONV_H
| # include <iconv.h>
| #endif
| 
| int
| main ()
| {
| iconv_open("fr", "to");
|   ;
|   return 0;
| }
configure:11770: gcc -o conftest -g -O2  -Wl,-E   -L/usr/local/lib conftest.c -ltinfo  -lselinux  >&5
configure:11770: $? = 0
configure:11771: result: yes
configure:11785: checking for nl_langinfo(CODESET)
configure:11802: gcc -o conftest -g -O2  -Wl,-E   -L/usr/local/lib conftest.c -ltinfo  -lselinux  >&5
configure:11802: $? = 0
configure:11803: result: yes
configure:11813: checking for strtod in -lm
configure:11847: result: yes
configure:11858: checking for strtod() and other floating point functions
configure:11890: gcc -o conftest -g -O2  -Wl,-E   -L/usr/local/lib conftest.c -lm -ltinfo  -lselinux  >&5
configure:11890: $? = 0
configure:11891: result: yes
configure:11901: checking --disable-acl argument
configure:11911: result: no
configure:11913: checking for acl_get_file in -lposix1e
configure:11947: result: no
configure:11952: checking for acl_get_file in -lacl
configure:11986: result: no
configure:12035: checking for POSIX ACL support
configure:12055: gcc -o conftest -g -O2  -Wl,-E   -L/usr/local/lib conftest.c -lm -ltinfo  -lselinux  >&5
conftest.c:125:1: error: unknown type name 'acl_t'
 acl_t acl;
 ^
conftest.c: In function 'main':
conftest.c:129:7: warning: implicit declaration of function 'acl_get_file' [-Wimplicit-function-declaration]
 acl = acl_get_file("foo", ACL_TYPE_ACCESS);
       ^
conftest.c:129:27: error: 'ACL_TYPE_ACCESS' undeclared (first use in this function)
 acl = acl_get_file("foo", ACL_TYPE_ACCESS);
                           ^
conftest.c:129:27: note: each undeclared identifier is reported only once for each function it appears in
conftest.c:130:2: warning: implicit declaration of function 'acl_set_file' [-Wimplicit-function-declaration]
  acl_set_file("foo", ACL_TYPE_ACCESS, acl);
  ^
conftest.c:131:2: warning: implicit declaration of function 'acl_free' [-Wimplicit-function-declaration]
  acl_free(acl);
  ^
configure:12055: $? = 1
configure: failed program was:
| /* confdefs.h */
| #define PACKAGE_NAME ""
| #define PACKAGE_TARNAME ""
| #define PACKAGE_VERSION ""
| #define PACKAGE_STRING ""
| #define PACKAGE_BUGREPORT ""
| #define PACKAGE_URL ""
| #define UNIX 1
| #define STDC_HEADERS 1
| #define HAVE_SYS_WAIT_H 1
| #define HAVE_SELINUX 1
| #define FEAT_HUGE 1
| #define USE_XSMP_INTERACT 1
| #define FEAT_LUA 1
| #define FEAT_PERL 1
| #define FEAT_PYTHON 1
| #define FEAT_CSCOPE 1
| #define FEAT_MBYTE 1
| #define HAVE_X11 1
| #define HAVE_X11_SM_SMLIB_H 1
| #define HAVE_DATE_TIME 1
| #define HAVE_ATTRIBUTE_UNUSED 1
| #define HAVE_DIRENT_H 1
| #define HAVE_STDARG_H 1
| #define HAVE_STDINT_H 1
| #define HAVE_STDLIB_H 1
| #define HAVE_STRING_H 1
| #define HAVE_SYS_SELECT_H 1
| #define HAVE_SYS_UTSNAME_H 1
| #define HAVE_TERMCAP_H 1
| #define HAVE_FCNTL_H 1
| #define HAVE_SGTTY_H 1
| #define HAVE_SYS_IOCTL_H 1
| #define HAVE_SYS_TIME_H 1
| #define HAVE_SYS_TYPES_H 1
| #define HAVE_TERMIO_H 1
| #define HAVE_ICONV_H 1
| #define HAVE_INTTYPES_H 1
| #define HAVE_LANGINFO_H 1
| #define HAVE_MATH_H 1
| #define HAVE_UNISTD_H 1
| #define HAVE_STROPTS_H 1
| #define HAVE_ERRNO_H 1
| #define HAVE_SYS_RESOURCE_H 1
| #define HAVE_LOCALE_H 1
| #define HAVE_TERMIOS_H 1
| #define HAVE_SYS_STATFS_H 1
| #define HAVE_POLL_H 1
| #define HAVE_SYS_POLL_H 1
| #define HAVE_PWD_H 1
| #define HAVE_UTIME_H 1
| #define HAVE_SYS_PARAM_H 1
| #define HAVE_LIBINTL_H 1
| #define HAVE_LIBGEN_H 1
| #define HAVE_SYS_SYSINFO_H 1
| #define HAVE_WCHAR_H 1
| #define HAVE_WCTYPE_H 1
| #define HAVE_SYS_SYSCTL_H 1
| #define HAVE_STRINGS_H 1
| #define TIME_WITH_SYS_TIME 1
| #define HAVE_LIBTINFO 1
| #define TERMINFO 1
| #define TGETENT_ZERO_ERR 0
| #define HAVE_OSPEED 1
| #define HAVE_UP_BC_PC 1
| #define SYS_SELECT_WITH_SYS_TIME 1
| #define HAVE_SVR4_PTYS 1
| #define RETSIGTYPE void
| #define SIGRETURN return
| #define HAVE_SIGCONTEXT 1
| #define HAVE_BCMP 1
| #define HAVE_FCHDIR 1
| #define HAVE_FCHOWN 1
| #define HAVE_FSYNC 1
| #define HAVE_GETCWD 1
| #define HAVE_GETPWENT 1
| #define HAVE_GETPWNAM 1
| #define HAVE_GETPWUID 1
| #define HAVE_GETRLIMIT 1
| #define HAVE_GETTIMEOFDAY 1
| #define HAVE_GETWD 1
| #define HAVE_LSTAT 1
| #define HAVE_MEMCMP 1
| #define HAVE_MEMSET 1
| #define HAVE_MKDTEMP 1
| #define HAVE_NANOSLEEP 1
| #define HAVE_OPENDIR 1
| #define HAVE_PUTENV 1
| #define HAVE_QSORT 1
| #define HAVE_READLINK 1
| #define HAVE_SELECT 1
| #define HAVE_SETENV 1
| #define HAVE_SETPGID 1
| #define HAVE_SETSID 1
| #define HAVE_SIGALTSTACK 1
| #define HAVE_SIGSTACK 1
| #define HAVE_SIGSET 1
| #define HAVE_SIGACTION 1
| #define HAVE_SIGVEC 1
| #define HAVE_STRCASECMP 1
| #define HAVE_STRERROR 1
| #define HAVE_STRFTIME 1
| #define HAVE_STRNCASECMP 1
| #define HAVE_STRPBRK 1
| #define HAVE_STRTOL 1
| #define HAVE_TGETENT 1
| #define HAVE_TOWLOWER 1
| #define HAVE_TOWUPPER 1
| #define HAVE_ISWUPPER 1
| #define HAVE_USLEEP 1
| #define HAVE_UTIME 1
| #define HAVE_UTIMES 1
| #define HAVE_FSEEKO 1
| #define HAVE_ST_BLKSIZE 1
| #define HAVE_ICONV 1
| #define HAVE_NL_LANGINFO_CODESET 1
| #define HAVE_LIBM 1
| #define HAVE_FLOAT_FUNCS 1
| /* end confdefs.h.  */
| 
| #include <sys/types.h>
| #ifdef HAVE_SYS_ACL_H
| # include <sys/acl.h>
| #endif
| acl_t acl;
| int
| main ()
| {
| acl = acl_get_file("foo", ACL_TYPE_ACCESS);
| 	acl_set_file("foo", ACL_TYPE_ACCESS, acl);
| 	acl_free(acl);
|   ;
|   return 0;
| }
configure:12060: result: no
configure:12066: checking for acl_get in -lsec
configure:12100: result: no
configure:12106: checking for Solaris ACL support
configure:12123: gcc -o conftest -g -O2  -Wl,-E   -L/usr/local/lib conftest.c -lm -ltinfo  -lselinux  >&5
conftest.c: In function 'main':
conftest.c:127:1: warning: implicit declaration of function 'acl' [-Wimplicit-function-declaration]
 acl("foo", GETACLCNT, 0, NULL);
 ^
conftest.c:127:12: error: 'GETACLCNT' undeclared (first use in this function)
 acl("foo", GETACLCNT, 0, NULL);
            ^
conftest.c:127:12: note: each undeclared identifier is reported only once for each function it appears in
conftest.c:127:26: error: 'NULL' undeclared (first use in this function)
 acl("foo", GETACLCNT, 0, NULL);
                          ^
configure:12123: $? = 1
configure: failed program was:
| /* confdefs.h */
| #define PACKAGE_NAME ""
| #define PACKAGE_TARNAME ""
| #define PACKAGE_VERSION ""
| #define PACKAGE_STRING ""
| #define PACKAGE_BUGREPORT ""
| #define PACKAGE_URL ""
| #define UNIX 1
| #define STDC_HEADERS 1
| #define HAVE_SYS_WAIT_H 1
| #define HAVE_SELINUX 1
| #define FEAT_HUGE 1
| #define USE_XSMP_INTERACT 1
| #define FEAT_LUA 1
| #define FEAT_PERL 1
| #define FEAT_PYTHON 1
| #define FEAT_CSCOPE 1
| #define FEAT_MBYTE 1
| #define HAVE_X11 1
| #define HAVE_X11_SM_SMLIB_H 1
| #define HAVE_DATE_TIME 1
| #define HAVE_ATTRIBUTE_UNUSED 1
| #define HAVE_DIRENT_H 1
| #define HAVE_STDARG_H 1
| #define HAVE_STDINT_H 1
| #define HAVE_STDLIB_H 1
| #define HAVE_STRING_H 1
| #define HAVE_SYS_SELECT_H 1
| #define HAVE_SYS_UTSNAME_H 1
| #define HAVE_TERMCAP_H 1
| #define HAVE_FCNTL_H 1
| #define HAVE_SGTTY_H 1
| #define HAVE_SYS_IOCTL_H 1
| #define HAVE_SYS_TIME_H 1
| #define HAVE_SYS_TYPES_H 1
| #define HAVE_TERMIO_H 1
| #define HAVE_ICONV_H 1
| #define HAVE_INTTYPES_H 1
| #define HAVE_LANGINFO_H 1
| #define HAVE_MATH_H 1
| #define HAVE_UNISTD_H 1
| #define HAVE_STROPTS_H 1
| #define HAVE_ERRNO_H 1
| #define HAVE_SYS_RESOURCE_H 1
| #define HAVE_LOCALE_H 1
| #define HAVE_TERMIOS_H 1
| #define HAVE_SYS_STATFS_H 1
| #define HAVE_POLL_H 1
| #define HAVE_SYS_POLL_H 1
| #define HAVE_PWD_H 1
| #define HAVE_UTIME_H 1
| #define HAVE_SYS_PARAM_H 1
| #define HAVE_LIBINTL_H 1
| #define HAVE_LIBGEN_H 1
| #define HAVE_SYS_SYSINFO_H 1
| #define HAVE_WCHAR_H 1
| #define HAVE_WCTYPE_H 1
| #define HAVE_SYS_SYSCTL_H 1
| #define HAVE_STRINGS_H 1
| #define TIME_WITH_SYS_TIME 1
| #define HAVE_LIBTINFO 1
| #define TERMINFO 1
| #define TGETENT_ZERO_ERR 0
| #define HAVE_OSPEED 1
| #define HAVE_UP_BC_PC 1
| #define SYS_SELECT_WITH_SYS_TIME 1
| #define HAVE_SVR4_PTYS 1
| #define RETSIGTYPE void
| #define SIGRETURN return
| #define HAVE_SIGCONTEXT 1
| #define HAVE_BCMP 1
| #define HAVE_FCHDIR 1
| #define HAVE_FCHOWN 1
| #define HAVE_FSYNC 1
| #define HAVE_GETCWD 1
| #define HAVE_GETPWENT 1
| #define HAVE_GETPWNAM 1
| #define HAVE_GETPWUID 1
| #define HAVE_GETRLIMIT 1
| #define HAVE_GETTIMEOFDAY 1
| #define HAVE_GETWD 1
| #define HAVE_LSTAT 1
| #define HAVE_MEMCMP 1
| #define HAVE_MEMSET 1
| #define HAVE_MKDTEMP 1
| #define HAVE_NANOSLEEP 1
| #define HAVE_OPENDIR 1
| #define HAVE_PUTENV 1
| #define HAVE_QSORT 1
| #define HAVE_READLINK 1
| #define HAVE_SELECT 1
| #define HAVE_SETENV 1
| #define HAVE_SETPGID 1
| #define HAVE_SETSID 1
| #define HAVE_SIGALTSTACK 1
| #define HAVE_SIGSTACK 1
| #define HAVE_SIGSET 1
| #define HAVE_SIGACTION 1
| #define HAVE_SIGVEC 1
| #define HAVE_STRCASECMP 1
| #define HAVE_STRERROR 1
| #define HAVE_STRFTIME 1
| #define HAVE_STRNCASECMP 1
| #define HAVE_STRPBRK 1
| #define HAVE_STRTOL 1
| #define HAVE_TGETENT 1
| #define HAVE_TOWLOWER 1
| #define HAVE_TOWUPPER 1
| #define HAVE_ISWUPPER 1
| #define HAVE_USLEEP 1
| #define HAVE_UTIME 1
| #define HAVE_UTIMES 1
| #define HAVE_FSEEKO 1
| #define HAVE_ST_BLKSIZE 1
| #define HAVE_ICONV 1
| #define HAVE_NL_LANGINFO_CODESET 1
| #define HAVE_LIBM 1
| #define HAVE_FLOAT_FUNCS 1
| /* end confdefs.h.  */
| 
| #ifdef HAVE_SYS_ACL_H
| # include <sys/acl.h>
| #endif
| int
| main ()
| {
| acl("foo", GETACLCNT, 0, NULL);
| 
|   ;
|   return 0;
| }
configure:12128: result: no
configure:12136: checking for AIX ACL support
configure:12168: gcc -o conftest -g -O2  -Wl,-E   -L/usr/local/lib conftest.c -lm -ltinfo  -lselinux  >&5
conftest.c: In function 'main':
conftest.c:140:18: error: invalid application of 'sizeof' to incomplete type 'struct acl'
 aclsize = sizeof(struct acl);
                  ^
conftest.c:142:2: warning: implicit declaration of function 'statacl' [-Wimplicit-function-declaration]
  statacl("foo", STX_NORMAL, aclent, aclsize);
  ^
conftest.c:142:17: error: 'STX_NORMAL' undeclared (first use in this function)
  statacl("foo", STX_NORMAL, aclent, aclsize);
                 ^
conftest.c:142:17: note: each undeclared identifier is reported only once for each function it appears in
configure:12168: $? = 1
configure: failed program was:
| /* confdefs.h */
| #define PACKAGE_NAME ""
| #define PACKAGE_TARNAME ""
| #define PACKAGE_VERSION ""
| #define PACKAGE_STRING ""
| #define PACKAGE_BUGREPORT ""
| #define PACKAGE_URL ""
| #define UNIX 1
| #define STDC_HEADERS 1
| #define HAVE_SYS_WAIT_H 1
| #define HAVE_SELINUX 1
| #define FEAT_HUGE 1
| #define USE_XSMP_INTERACT 1
| #define FEAT_LUA 1
| #define FEAT_PERL 1
| #define FEAT_PYTHON 1
| #define FEAT_CSCOPE 1
| #define FEAT_MBYTE 1
| #define HAVE_X11 1
| #define HAVE_X11_SM_SMLIB_H 1
| #define HAVE_DATE_TIME 1
| #define HAVE_ATTRIBUTE_UNUSED 1
| #define HAVE_DIRENT_H 1
| #define HAVE_STDARG_H 1
| #define HAVE_STDINT_H 1
| #define HAVE_STDLIB_H 1
| #define HAVE_STRING_H 1
| #define HAVE_SYS_SELECT_H 1
| #define HAVE_SYS_UTSNAME_H 1
| #define HAVE_TERMCAP_H 1
| #define HAVE_FCNTL_H 1
| #define HAVE_SGTTY_H 1
| #define HAVE_SYS_IOCTL_H 1
| #define HAVE_SYS_TIME_H 1
| #define HAVE_SYS_TYPES_H 1
| #define HAVE_TERMIO_H 1
| #define HAVE_ICONV_H 1
| #define HAVE_INTTYPES_H 1
| #define HAVE_LANGINFO_H 1
| #define HAVE_MATH_H 1
| #define HAVE_UNISTD_H 1
| #define HAVE_STROPTS_H 1
| #define HAVE_ERRNO_H 1
| #define HAVE_SYS_RESOURCE_H 1
| #define HAVE_LOCALE_H 1
| #define HAVE_TERMIOS_H 1
| #define HAVE_SYS_STATFS_H 1
| #define HAVE_POLL_H 1
| #define HAVE_SYS_POLL_H 1
| #define HAVE_PWD_H 1
| #define HAVE_UTIME_H 1
| #define HAVE_SYS_PARAM_H 1
| #define HAVE_LIBINTL_H 1
| #define HAVE_LIBGEN_H 1
| #define HAVE_SYS_SYSINFO_H 1
| #define HAVE_WCHAR_H 1
| #define HAVE_WCTYPE_H 1
| #define HAVE_SYS_SYSCTL_H 1
| #define HAVE_STRINGS_H 1
| #define TIME_WITH_SYS_TIME 1
| #define HAVE_LIBTINFO 1
| #define TERMINFO 1
| #define TGETENT_ZERO_ERR 0
| #define HAVE_OSPEED 1
| #define HAVE_UP_BC_PC 1
| #define SYS_SELECT_WITH_SYS_TIME 1
| #define HAVE_SVR4_PTYS 1
| #define RETSIGTYPE void
| #define SIGRETURN return
| #define HAVE_SIGCONTEXT 1
| #define HAVE_BCMP 1
| #define HAVE_FCHDIR 1
| #define HAVE_FCHOWN 1
| #define HAVE_FSYNC 1
| #define HAVE_GETCWD 1
| #define HAVE_GETPWENT 1
| #define HAVE_GETPWNAM 1
| #define HAVE_GETPWUID 1
| #define HAVE_GETRLIMIT 1
| #define HAVE_GETTIMEOFDAY 1
| #define HAVE_GETWD 1
| #define HAVE_LSTAT 1
| #define HAVE_MEMCMP 1
| #define HAVE_MEMSET 1
| #define HAVE_MKDTEMP 1
| #define HAVE_NANOSLEEP 1
| #define HAVE_OPENDIR 1
| #define HAVE_PUTENV 1
| #define HAVE_QSORT 1
| #define HAVE_READLINK 1
| #define HAVE_SELECT 1
| #define HAVE_SETENV 1
| #define HAVE_SETPGID 1
| #define HAVE_SETSID 1
| #define HAVE_SIGALTSTACK 1
| #define HAVE_SIGSTACK 1
| #define HAVE_SIGSET 1
| #define HAVE_SIGACTION 1
| #define HAVE_SIGVEC 1
| #define HAVE_STRCASECMP 1
| #define HAVE_STRERROR 1
| #define HAVE_STRFTIME 1
| #define HAVE_STRNCASECMP 1
| #define HAVE_STRPBRK 1
| #define HAVE_STRTOL 1
| #define HAVE_TGETENT 1
| #define HAVE_TOWLOWER 1
| #define HAVE_TOWUPPER 1
| #define HAVE_ISWUPPER 1
| #define HAVE_USLEEP 1
| #define HAVE_UTIME 1
| #define HAVE_UTIMES 1
| #define HAVE_FSEEKO 1
| #define HAVE_ST_BLKSIZE 1
| #define HAVE_ICONV 1
| #define HAVE_NL_LANGINFO_CODESET 1
| #define HAVE_LIBM 1
| #define HAVE_FLOAT_FUNCS 1
| /* end confdefs.h.  */
| 
| #if STDC_HEADERS
| # include <stdlib.h>
| # include <stddef.h>
| #endif
| #ifdef HAVE_SYS_ACL_H
| # include <sys/acl.h>
| #endif
| #ifdef HAVE_SYS_ACCESS_H
| # include <sys/access.h>
| #endif
| #define _ALL_SOURCE
| 
| #include <sys/stat.h>
| 
| int aclsize;
| struct acl *aclent;
| int
| main ()
| {
| aclsize = sizeof(struct acl);
| 	aclent = (void *)malloc(aclsize);
| 	statacl("foo", STX_NORMAL, aclent, aclsize);
| 
|   ;
|   return 0;
| }
configure:12173: result: no
configure:12183: checking --disable-gpm argument
configure:12194: result: no
configure:12196: checking for gpm
configure:12224: result: no
configure:12236: checking --disable-sysmouse argument
configure:12247: result: no
configure:12249: checking for sysmouse
configure:12280: result: no
configure:12291: checking for FD_CLOEXEC
configure:12306: gcc -c -g -O2  conftest.c >&5
configure:12306: $? = 0
configure:12307: result: yes
configure:12316: checking for rename
configure:12329: gcc -o conftest -g -O2  -Wl,-E   -L/usr/local/lib conftest.c -lm -ltinfo  -lselinux  >&5
configure:12329: $? = 0
configure:12330: result: yes
configure:12340: checking for sysctl
configure:12361: gcc -c -g -O2  conftest.c >&5
conftest.c: In function 'main':
conftest.c:130:11: error: 'CTL_HW' undeclared (first use in this function)
  mib[0] = CTL_HW;
           ^
conftest.c:130:11: note: each undeclared identifier is reported only once for each function it appears in
conftest.c:131:11: error: 'HW_USERMEM' undeclared (first use in this function)
  mib[1] = HW_USERMEM;
           ^
configure:12361: $? = 1
configure: failed program was:
| /* confdefs.h */
| #define PACKAGE_NAME ""
| #define PACKAGE_TARNAME ""
| #define PACKAGE_VERSION ""
| #define PACKAGE_STRING ""
| #define PACKAGE_BUGREPORT ""
| #define PACKAGE_URL ""
| #define UNIX 1
| #define STDC_HEADERS 1
| #define HAVE_SYS_WAIT_H 1
| #define HAVE_SELINUX 1
| #define FEAT_HUGE 1
| #define USE_XSMP_INTERACT 1
| #define FEAT_LUA 1
| #define FEAT_PERL 1
| #define FEAT_PYTHON 1
| #define FEAT_CSCOPE 1
| #define FEAT_MBYTE 1
| #define HAVE_X11 1
| #define HAVE_X11_SM_SMLIB_H 1
| #define HAVE_DATE_TIME 1
| #define HAVE_ATTRIBUTE_UNUSED 1
| #define HAVE_DIRENT_H 1
| #define HAVE_STDARG_H 1
| #define HAVE_STDINT_H 1
| #define HAVE_STDLIB_H 1
| #define HAVE_STRING_H 1
| #define HAVE_SYS_SELECT_H 1
| #define HAVE_SYS_UTSNAME_H 1
| #define HAVE_TERMCAP_H 1
| #define HAVE_FCNTL_H 1
| #define HAVE_SGTTY_H 1
| #define HAVE_SYS_IOCTL_H 1
| #define HAVE_SYS_TIME_H 1
| #define HAVE_SYS_TYPES_H 1
| #define HAVE_TERMIO_H 1
| #define HAVE_ICONV_H 1
| #define HAVE_INTTYPES_H 1
| #define HAVE_LANGINFO_H 1
| #define HAVE_MATH_H 1
| #define HAVE_UNISTD_H 1
| #define HAVE_STROPTS_H 1
| #define HAVE_ERRNO_H 1
| #define HAVE_SYS_RESOURCE_H 1
| #define HAVE_LOCALE_H 1
| #define HAVE_TERMIOS_H 1
| #define HAVE_SYS_STATFS_H 1
| #define HAVE_POLL_H 1
| #define HAVE_SYS_POLL_H 1
| #define HAVE_PWD_H 1
| #define HAVE_UTIME_H 1
| #define HAVE_SYS_PARAM_H 1
| #define HAVE_LIBINTL_H 1
| #define HAVE_LIBGEN_H 1
| #define HAVE_SYS_SYSINFO_H 1
| #define HAVE_WCHAR_H 1
| #define HAVE_WCTYPE_H 1
| #define HAVE_SYS_SYSCTL_H 1
| #define HAVE_STRINGS_H 1
| #define TIME_WITH_SYS_TIME 1
| #define HAVE_LIBTINFO 1
| #define TERMINFO 1
| #define TGETENT_ZERO_ERR 0
| #define HAVE_OSPEED 1
| #define HAVE_UP_BC_PC 1
| #define SYS_SELECT_WITH_SYS_TIME 1
| #define HAVE_SVR4_PTYS 1
| #define RETSIGTYPE void
| #define SIGRETURN return
| #define HAVE_SIGCONTEXT 1
| #define HAVE_BCMP 1
| #define HAVE_FCHDIR 1
| #define HAVE_FCHOWN 1
| #define HAVE_FSYNC 1
| #define HAVE_GETCWD 1
| #define HAVE_GETPWENT 1
| #define HAVE_GETPWNAM 1
| #define HAVE_GETPWUID 1
| #define HAVE_GETRLIMIT 1
| #define HAVE_GETTIMEOFDAY 1
| #define HAVE_GETWD 1
| #define HAVE_LSTAT 1
| #define HAVE_MEMCMP 1
| #define HAVE_MEMSET 1
| #define HAVE_MKDTEMP 1
| #define HAVE_NANOSLEEP 1
| #define HAVE_OPENDIR 1
| #define HAVE_PUTENV 1
| #define HAVE_QSORT 1
| #define HAVE_READLINK 1
| #define HAVE_SELECT 1
| #define HAVE_SETENV 1
| #define HAVE_SETPGID 1
| #define HAVE_SETSID 1
| #define HAVE_SIGALTSTACK 1
| #define HAVE_SIGSTACK 1
| #define HAVE_SIGSET 1
| #define HAVE_SIGACTION 1
| #define HAVE_SIGVEC 1
| #define HAVE_STRCASECMP 1
| #define HAVE_STRERROR 1
| #define HAVE_STRFTIME 1
| #define HAVE_STRNCASECMP 1
| #define HAVE_STRPBRK 1
| #define HAVE_STRTOL 1
| #define HAVE_TGETENT 1
| #define HAVE_TOWLOWER 1
| #define HAVE_TOWUPPER 1
| #define HAVE_ISWUPPER 1
| #define HAVE_USLEEP 1
| #define HAVE_UTIME 1
| #define HAVE_UTIMES 1
| #define HAVE_FSEEKO 1
| #define HAVE_ST_BLKSIZE 1
| #define HAVE_ICONV 1
| #define HAVE_NL_LANGINFO_CODESET 1
| #define HAVE_LIBM 1
| #define HAVE_FLOAT_FUNCS 1
| #define HAVE_FD_CLOEXEC 1
| #define HAVE_RENAME 1
| /* end confdefs.h.  */
| #include <sys/types.h>
| #include <sys/sysctl.h>
| int
| main ()
| {
| 	int mib[2], r;
| 	size_t len;
| 
| 	mib[0] = CTL_HW;
| 	mib[1] = HW_USERMEM;
| 	len = sizeof(r);
| 	(void)sysctl(mib, 2, &r, &len, (void *)0, (size_t)0);
| 
|   ;
|   return 0;
| }
configure:12366: result: not usable
configure:12371: checking for sysinfo
configure:12390: gcc -c -g -O2  conftest.c >&5
configure:12390: $? = 0
configure:12391: result: yes
configure:12400: checking for sysinfo.mem_unit
configure:12416: gcc -c -g -O2  conftest.c >&5
configure:12416: $? = 0
configure:12417: result: yes
configure:12426: checking for sysconf
configure:12441: gcc -c -g -O2  conftest.c >&5
configure:12441: $? = 0
configure:12442: result: yes
configure:12455: checking size of int
configure:12474: result: 4
configure:12488: checking size of long
configure:12507: result: 8
configure:12521: checking size of time_t
configure:12540: result: 8
configure:12554: checking size of off_t
configure:12573: result: 8
configure:12593: checking uint32_t is 32 bits
configure:12615: gcc -o conftest -g -O2  -Wl,-E   -L/usr/local/lib conftest.c -lm -ltinfo  -lselinux  >&5
conftest.c:138:1: warning: return type defaults to 'int' [-Wimplicit-int]
 main() {
 ^
conftest.c: In function 'main':
conftest.c:141:69: warning: implicit declaration of function 'exit' [-Wimplicit-function-declaration]
   if (sizeof(uint32_t) != 4 || nr1 != 0xffffffffUL || nr2 + 1 != 0) exit(1);
                                                                     ^
conftest.c:141:69: warning: incompatible implicit declaration of built-in function 'exit'
conftest.c:141:69: note: include '<stdlib.h>' or provide a declaration of 'exit'
conftest.c:142:3: warning: incompatible implicit declaration of built-in function 'exit'
   exit(0);
   ^
conftest.c:142:3: note: include '<stdlib.h>' or provide a declaration of 'exit'
configure:12615: $? = 0
configure:12615: ./conftest
configure:12615: $? = 0
configure:12616: result: ok
configure:12649: checking whether memmove handles overlaps
configure:12679: result: yes
configure:12770: checking whether X_LOCALE needed
configure:12783: gcc -c -g -O2    conftest.c >&5
configure:12783: $? = 0
configure:12802: gcc -o conftest -g -O2    -Wl,-E   -L/usr/local/lib conftest.c -lm -ltinfo  -lselinux       -lSM -lICE -lXpm -lXt -lX11  -lXdmcp -lSM -lICE >&5
/tmp/ccb7PcjH.o: In function `main':
/home/dante/vim/src/conftest.c:143: undefined reference to `_Xsetlocale'
collect2: error: ld returned 1 exit status
configure:12802: $? = 1
configure: failed program was:
| /* confdefs.h */
| #define PACKAGE_NAME ""
| #define PACKAGE_TARNAME ""
| #define PACKAGE_VERSION ""
| #define PACKAGE_STRING ""
| #define PACKAGE_BUGREPORT ""
| #define PACKAGE_URL ""
| #define UNIX 1
| #define STDC_HEADERS 1
| #define HAVE_SYS_WAIT_H 1
| #define HAVE_SELINUX 1
| #define FEAT_HUGE 1
| #define USE_XSMP_INTERACT 1
| #define FEAT_LUA 1
| #define FEAT_PERL 1
| #define FEAT_PYTHON 1
| #define FEAT_CSCOPE 1
| #define FEAT_MBYTE 1
| #define HAVE_X11 1
| #define HAVE_X11_SM_SMLIB_H 1
| #define HAVE_DATE_TIME 1
| #define HAVE_ATTRIBUTE_UNUSED 1
| #define HAVE_DIRENT_H 1
| #define HAVE_STDARG_H 1
| #define HAVE_STDINT_H 1
| #define HAVE_STDLIB_H 1
| #define HAVE_STRING_H 1
| #define HAVE_SYS_SELECT_H 1
| #define HAVE_SYS_UTSNAME_H 1
| #define HAVE_TERMCAP_H 1
| #define HAVE_FCNTL_H 1
| #define HAVE_SGTTY_H 1
| #define HAVE_SYS_IOCTL_H 1
| #define HAVE_SYS_TIME_H 1
| #define HAVE_SYS_TYPES_H 1
| #define HAVE_TERMIO_H 1
| #define HAVE_ICONV_H 1
| #define HAVE_INTTYPES_H 1
| #define HAVE_LANGINFO_H 1
| #define HAVE_MATH_H 1
| #define HAVE_UNISTD_H 1
| #define HAVE_STROPTS_H 1
| #define HAVE_ERRNO_H 1
| #define HAVE_SYS_RESOURCE_H 1
| #define HAVE_LOCALE_H 1
| #define HAVE_TERMIOS_H 1
| #define HAVE_SYS_STATFS_H 1
| #define HAVE_POLL_H 1
| #define HAVE_SYS_POLL_H 1
| #define HAVE_PWD_H 1
| #define HAVE_UTIME_H 1
| #define HAVE_SYS_PARAM_H 1
| #define HAVE_LIBINTL_H 1
| #define HAVE_LIBGEN_H 1
| #define HAVE_SYS_SYSINFO_H 1
| #define HAVE_WCHAR_H 1
| #define HAVE_WCTYPE_H 1
| #define HAVE_SYS_SYSCTL_H 1
| #define HAVE_STRINGS_H 1
| #define TIME_WITH_SYS_TIME 1
| #define HAVE_LIBTINFO 1
| #define TERMINFO 1
| #define TGETENT_ZERO_ERR 0
| #define HAVE_OSPEED 1
| #define HAVE_UP_BC_PC 1
| #define SYS_SELECT_WITH_SYS_TIME 1
| #define HAVE_SVR4_PTYS 1
| #define RETSIGTYPE void
| #define SIGRETURN return
| #define HAVE_SIGCONTEXT 1
| #define HAVE_BCMP 1
| #define HAVE_FCHDIR 1
| #define HAVE_FCHOWN 1
| #define HAVE_FSYNC 1
| #define HAVE_GETCWD 1
| #define HAVE_GETPWENT 1
| #define HAVE_GETPWNAM 1
| #define HAVE_GETPWUID 1
| #define HAVE_GETRLIMIT 1
| #define HAVE_GETTIMEOFDAY 1
| #define HAVE_GETWD 1
| #define HAVE_LSTAT 1
| #define HAVE_MEMCMP 1
| #define HAVE_MEMSET 1
| #define HAVE_MKDTEMP 1
| #define HAVE_NANOSLEEP 1
| #define HAVE_OPENDIR 1
| #define HAVE_PUTENV 1
| #define HAVE_QSORT 1
| #define HAVE_READLINK 1
| #define HAVE_SELECT 1
| #define HAVE_SETENV 1
| #define HAVE_SETPGID 1
| #define HAVE_SETSID 1
| #define HAVE_SIGALTSTACK 1
| #define HAVE_SIGSTACK 1
| #define HAVE_SIGSET 1
| #define HAVE_SIGACTION 1
| #define HAVE_SIGVEC 1
| #define HAVE_STRCASECMP 1
| #define HAVE_STRERROR 1
| #define HAVE_STRFTIME 1
| #define HAVE_STRNCASECMP 1
| #define HAVE_STRPBRK 1
| #define HAVE_STRTOL 1
| #define HAVE_TGETENT 1
| #define HAVE_TOWLOWER 1
| #define HAVE_TOWUPPER 1
| #define HAVE_ISWUPPER 1
| #define HAVE_USLEEP 1
| #define HAVE_UTIME 1
| #define HAVE_UTIMES 1
| #define HAVE_FSEEKO 1
| #define HAVE_ST_BLKSIZE 1
| #define HAVE_ICONV 1
| #define HAVE_NL_LANGINFO_CODESET 1
| #define HAVE_LIBM 1
| #define HAVE_FLOAT_FUNCS 1
| #define HAVE_FD_CLOEXEC 1
| #define HAVE_RENAME 1
| #define HAVE_SYSINFO 1
| #define HAVE_SYSINFO_MEM_UNIT 1
| #define HAVE_SYSCONF 1
| #define SIZEOF_INT 4
| #define SIZEOF_LONG 8
| #define SIZEOF_TIME_T 8
| #define SIZEOF_OFF_T 8
| #define VIM_SIZEOF_INT 4
| #define VIM_SIZEOF_LONG 8
| #define USEMEMMOVE 1
| /* end confdefs.h.  */
| 
| /* Override any GCC internal prototype to avoid an error.
|    Use char because int might match the return type of a GCC
|    builtin and then its argument prototype would still apply.  */
| #ifdef __cplusplus
| extern "C"
| #endif
| char _Xsetlocale ();
| int
| main ()
| {
| return _Xsetlocale ();
|   ;
|   return 0;
| }
configure:12808: result: no
configure:12819: checking whether Xutf8SetWMProperties() can be used
configure:12839: gcc -o conftest -g -O2    -Wl,-E   -L/usr/local/lib conftest.c -lm -ltinfo  -lselinux       -lSM -lICE -lXpm -lXt -lX11  -lXdmcp -lSM -lICE >&5
configure:12839: $? = 0
configure:12840: result: yes
configure:12855: checking for _xpg4_setrunelocale in -lxpg4
configure:12889: result: no
configure:12896: checking how to create tags
auto/configure: line 12899: ctags: command not found
auto/configure: line 12901: exctags: command not found
auto/configure: line 12903: exuberant-ctags: command not found
auto/configure: line 12907: etags: command not found
auto/configure: line 12908: etags: command not found
auto/configure: line 12909: ctags: command not found
auto/configure: line 12910: ctags: command not found
auto/configure: line 12911: ctags: command not found
auto/configure: line 12912: ctags: command not found
auto/configure: line 12913: ctags: command not found
configure:12916: result: ctags
configure:12919: checking how to run man with a section nr
configure:12923: result: man -s
configure:12930: checking --disable-nls argument
configure:12941: result: no
configure:12951: checking for msgfmt
configure:12978: result: msgfmt
configure:12986: checking for NLS
configure:13004: gcc -o conftest -g -O2  -Wl,-E   -L/usr/local/lib conftest.c  >&5
configure:13004: $? = 0
configure:13005: result: gettext() works
configure:13045: checking for bind_textdomain_codeset
configure:13045: result: yes
configure:13054: checking for _nl_msg_cat_cntr
configure:13068: gcc -o conftest -g -O2  -Wl,-E   -L/usr/local/lib conftest.c -lm -ltinfo  -lselinux  >&5
configure:13068: $? = 0
configure:13069: result: yes
configure:13088: checking for dlfcn.h
configure:13088: result: yes
configure:13105: checking for dlopen()
configure:13121: gcc -o conftest -g -O2  -Wl,-E   -L/usr/local/lib conftest.c -lm -ltinfo  -lselinux  >&5
/tmp/cc18AWVd.o: In function `main':
/home/dante/vim/src/conftest.c:144: undefined reference to `dlopen'
collect2: error: ld returned 1 exit status
configure:13121: $? = 1
configure: failed program was:
| /* confdefs.h */
| #define PACKAGE_NAME ""
| #define PACKAGE_TARNAME ""
| #define PACKAGE_VERSION ""
| #define PACKAGE_STRING ""
| #define PACKAGE_BUGREPORT ""
| #define PACKAGE_URL ""
| #define UNIX 1
| #define STDC_HEADERS 1
| #define HAVE_SYS_WAIT_H 1
| #define HAVE_SELINUX 1
| #define FEAT_HUGE 1
| #define USE_XSMP_INTERACT 1
| #define FEAT_LUA 1
| #define FEAT_PERL 1
| #define FEAT_PYTHON 1
| #define FEAT_CSCOPE 1
| #define FEAT_MBYTE 1
| #define HAVE_X11 1
| #define HAVE_X11_SM_SMLIB_H 1
| #define HAVE_DATE_TIME 1
| #define HAVE_ATTRIBUTE_UNUSED 1
| #define HAVE_DIRENT_H 1
| #define HAVE_STDARG_H 1
| #define HAVE_STDINT_H 1
| #define HAVE_STDLIB_H 1
| #define HAVE_STRING_H 1
| #define HAVE_SYS_SELECT_H 1
| #define HAVE_SYS_UTSNAME_H 1
| #define HAVE_TERMCAP_H 1
| #define HAVE_FCNTL_H 1
| #define HAVE_SGTTY_H 1
| #define HAVE_SYS_IOCTL_H 1
| #define HAVE_SYS_TIME_H 1
| #define HAVE_SYS_TYPES_H 1
| #define HAVE_TERMIO_H 1
| #define HAVE_ICONV_H 1
| #define HAVE_INTTYPES_H 1
| #define HAVE_LANGINFO_H 1
| #define HAVE_MATH_H 1
| #define HAVE_UNISTD_H 1
| #define HAVE_STROPTS_H 1
| #define HAVE_ERRNO_H 1
| #define HAVE_SYS_RESOURCE_H 1
| #define HAVE_LOCALE_H 1
| #define HAVE_TERMIOS_H 1
| #define HAVE_SYS_STATFS_H 1
| #define HAVE_POLL_H 1
| #define HAVE_SYS_POLL_H 1
| #define HAVE_PWD_H 1
| #define HAVE_UTIME_H 1
| #define HAVE_SYS_PARAM_H 1
| #define HAVE_LIBINTL_H 1
| #define HAVE_LIBGEN_H 1
| #define HAVE_SYS_SYSINFO_H 1
| #define HAVE_WCHAR_H 1
| #define HAVE_WCTYPE_H 1
| #define HAVE_SYS_SYSCTL_H 1
| #define HAVE_STRINGS_H 1
| #define TIME_WITH_SYS_TIME 1
| #define HAVE_LIBTINFO 1
| #define TERMINFO 1
| #define TGETENT_ZERO_ERR 0
| #define HAVE_OSPEED 1
| #define HAVE_UP_BC_PC 1
| #define SYS_SELECT_WITH_SYS_TIME 1
| #define HAVE_SVR4_PTYS 1
| #define RETSIGTYPE void
| #define SIGRETURN return
| #define HAVE_SIGCONTEXT 1
| #define HAVE_BCMP 1
| #define HAVE_FCHDIR 1
| #define HAVE_FCHOWN 1
| #define HAVE_FSYNC 1
| #define HAVE_GETCWD 1
| #define HAVE_GETPWENT 1
| #define HAVE_GETPWNAM 1
| #define HAVE_GETPWUID 1
| #define HAVE_GETRLIMIT 1
| #define HAVE_GETTIMEOFDAY 1
| #define HAVE_GETWD 1
| #define HAVE_LSTAT 1
| #define HAVE_MEMCMP 1
| #define HAVE_MEMSET 1
| #define HAVE_MKDTEMP 1
| #define HAVE_NANOSLEEP 1
| #define HAVE_OPENDIR 1
| #define HAVE_PUTENV 1
| #define HAVE_QSORT 1
| #define HAVE_READLINK 1
| #define HAVE_SELECT 1
| #define HAVE_SETENV 1
| #define HAVE_SETPGID 1
| #define HAVE_SETSID 1
| #define HAVE_SIGALTSTACK 1
| #define HAVE_SIGSTACK 1
| #define HAVE_SIGSET 1
| #define HAVE_SIGACTION 1
| #define HAVE_SIGVEC 1
| #define HAVE_STRCASECMP 1
| #define HAVE_STRERROR 1
| #define HAVE_STRFTIME 1
| #define HAVE_STRNCASECMP 1
| #define HAVE_STRPBRK 1
| #define HAVE_STRTOL 1
| #define HAVE_TGETENT 1
| #define HAVE_TOWLOWER 1
| #define HAVE_TOWUPPER 1
| #define HAVE_ISWUPPER 1
| #define HAVE_USLEEP 1
| #define HAVE_UTIME 1
| #define HAVE_UTIMES 1
| #define HAVE_FSEEKO 1
| #define HAVE_ST_BLKSIZE 1
| #define HAVE_ICONV 1
| #define HAVE_NL_LANGINFO_CODESET 1
| #define HAVE_LIBM 1
| #define HAVE_FLOAT_FUNCS 1
| #define HAVE_FD_CLOEXEC 1
| #define HAVE_RENAME 1
| #define HAVE_SYSINFO 1
| #define HAVE_SYSINFO_MEM_UNIT 1
| #define HAVE_SYSCONF 1
| #define SIZEOF_INT 4
| #define SIZEOF_LONG 8
| #define SIZEOF_TIME_T 8
| #define SIZEOF_OFF_T 8
| #define VIM_SIZEOF_INT 4
| #define VIM_SIZEOF_LONG 8
| #define USEMEMMOVE 1
| #define HAVE_XUTF8SETWMPROPERTIES 1
| #define USEMAN_S 1
| #define HAVE_GETTEXT 1
| #define HAVE_BIND_TEXTDOMAIN_CODESET 1
| #define HAVE_NL_MSG_CAT_CNTR 1
| #define HAVE_DLFCN_H 1
| /* end confdefs.h.  */
| 
| int
| main ()
| {
| 
| 		extern void* dlopen();
| 		dlopen();
| 
|   ;
|   return 0;
| }
configure:13128: result: no
configure:13130: checking for dlopen() in -ldl
configure:13148: gcc -o conftest -g -O2  -Wl,-E   -L/usr/local/lib conftest.c -lm -ltinfo  -lselinux  -ldl >&5
configure:13148: $? = 0
configure:13149: result: yes
configure:13164: checking for dlsym()
configure:13180: gcc -o conftest -g -O2  -Wl,-E   -L/usr/local/lib conftest.c -lm -ltinfo  -lselinux  -ldl >&5
configure:13180: $? = 0
configure:13181: result: yes
configure:13289: checking for setjmp.h
configure:13289: result: yes
configure:13329: checking for GCC 3 or later
configure:13334: result: yes
configure:13340: checking whether we need -D_FORTIFY_SOURCE=1
configure:13344: result: yes
configure:13353: checking linker --as-needed support
configure:13362: result: yes
configure:13442: updating cache auto/config.cache
configure:13492: creating auto/config.status

## ---------------------- ##
## Running config.status. ##
## ---------------------- ##

This file was extended by config.status, which was
generated by GNU Autoconf 2.69.  Invocation command line was

  CONFIG_FILES    = 
  CONFIG_HEADERS  = 
  CONFIG_LINKS    = 
  CONFIG_COMMANDS = 
  $ auto/config.status 

on kodaka

config.status:1025: creating auto/config.mk
config.status:1025: creating auto/config.h

## ---------------- ##
## Cache variables. ##
## ---------------- ##

ac_cv_c_bigendian=no
ac_cv_c_compiler_gnu=yes
ac_cv_c_const=yes
ac_cv_c_uint32_t=yes
ac_cv_c_volatile=yes
ac_cv_env_CC_set=
ac_cv_env_CC_value=
ac_cv_env_CFLAGS_set=
ac_cv_env_CFLAGS_value=
ac_cv_env_CPPFLAGS_set=
ac_cv_env_CPPFLAGS_value=
ac_cv_env_CPP_set=
ac_cv_env_CPP_value=
ac_cv_env_LDFLAGS_set=
ac_cv_env_LDFLAGS_value=
ac_cv_env_LIBS_set=
ac_cv_env_LIBS_value=
ac_cv_env_XMKMF_set=
ac_cv_env_XMKMF_value=
ac_cv_env_build_alias_set=
ac_cv_env_build_alias_value=
ac_cv_env_host_alias_set=
ac_cv_env_host_alias_value=
ac_cv_env_target_alias_set=
ac_cv_env_target_alias_value=
ac_cv_func_bcmp=yes
ac_cv_func_bind_textdomain_codeset=yes
ac_cv_func_connect=yes
ac_cv_func_fchdir=yes
ac_cv_func_fchown=yes
ac_cv_func_fsync=yes
ac_cv_func_getcwd=yes
ac_cv_func_gethostbyname=yes
ac_cv_func_getpseudotty=no
ac_cv_func_getpwent=yes
ac_cv_func_getpwnam=yes
ac_cv_func_getpwuid=yes
ac_cv_func_getrlimit=yes
ac_cv_func_gettimeofday=yes
ac_cv_func_getwd=yes
ac_cv_func_iswupper=yes
ac_cv_func_lstat=yes
ac_cv_func_memcmp=yes
ac_cv_func_memset=yes
ac_cv_func_mkdtemp=yes
ac_cv_func_nanosleep=yes
ac_cv_func_opendir=yes
ac_cv_func_putenv=yes
ac_cv_func_qsort=yes
ac_cv_func_readlink=yes
ac_cv_func_remove=yes
ac_cv_func_select=yes
ac_cv_func_setenv=yes
ac_cv_func_setpgid=yes
ac_cv_func_setsid=yes
ac_cv_func_shmat=yes
ac_cv_func_sigaction=yes
ac_cv_func_sigaltstack=yes
ac_cv_func_sigset=yes
ac_cv_func_sigsetjmp=no
ac_cv_func_sigstack=yes
ac_cv_func_sigvec=yes
ac_cv_func_strcasecmp=yes
ac_cv_func_strerror=yes
ac_cv_func_strftime=yes
ac_cv_func_stricmp=no
ac_cv_func_strncasecmp=yes
ac_cv_func_strnicmp=no
ac_cv_func_strpbrk=yes
ac_cv_func_strtol=yes
ac_cv_func_tgetent=yes
ac_cv_func_towlower=yes
ac_cv_func_towupper=yes
ac_cv_func_usleep=yes
ac_cv_func_utime=yes
ac_cv_func_utimes=yes
ac_cv_have_x='have_x=yes	ac_x_includes='\'''\''	ac_x_libraries='\'''\'''
ac_cv_header_AvailabilityMacros_h=no
ac_cv_header_X11_SM_SMlib_h=yes
ac_cv_header_X11_Sunkeysym_h=yes
ac_cv_header_X11_xpm_h=yes
ac_cv_header_attr_xattr_h=no
ac_cv_header_dirent_dirent_h=yes
ac_cv_header_dlfcn_h=yes
ac_cv_header_elf_h=yes
ac_cv_header_errno_h=yes
ac_cv_header_fcntl_h=yes
ac_cv_header_frame_h=no
ac_cv_header_iconv_h=yes
ac_cv_header_inttypes_h=yes
ac_cv_header_langinfo_h=yes
ac_cv_header_libc_h=no
ac_cv_header_libgen_h=yes
ac_cv_header_libintl_h=yes
ac_cv_header_linux_xattr_h=yes
ac_cv_header_locale_h=yes
ac_cv_header_math_h=yes
ac_cv_header_poll_h=yes
ac_cv_header_pwd_h=yes
ac_cv_header_setjmp_h=yes
ac_cv_header_sgtty_h=yes
ac_cv_header_stdarg_h=yes
ac_cv_header_stdc=yes
ac_cv_header_stdint_h=yes
ac_cv_header_stdlib_h=yes
ac_cv_header_string_h=yes
ac_cv_header_strings_h=yes
ac_cv_header_stropts_h=yes
ac_cv_header_sys_access_h=no
ac_cv_header_sys_acl_h=no
ac_cv_header_sys_ioctl_h=yes
ac_cv_header_sys_param_h=yes
ac_cv_header_sys_poll_h=yes
ac_cv_header_sys_ptem_h=no
ac_cv_header_sys_resource_h=yes
ac_cv_header_sys_select_h=yes
ac_cv_header_sys_statfs_h=yes
ac_cv_header_sys_stream_h=no
ac_cv_header_sys_sysctl_h=yes
ac_cv_header_sys_sysinfo_h=yes
ac_cv_header_sys_systeminfo_h=no
ac_cv_header_sys_time_h=yes
ac_cv_header_sys_types_h=yes
ac_cv_header_sys_utsname_h=yes
ac_cv_header_sys_wait_h=yes
ac_cv_header_termcap_h=yes
ac_cv_header_termio_h=yes
ac_cv_header_termios_h=yes
ac_cv_header_time=yes
ac_cv_header_unistd_h=yes
ac_cv_header_util_debug_h=no
ac_cv_header_util_msg18n_h=no
ac_cv_header_utime_h=yes
ac_cv_header_wchar_h=yes
ac_cv_header_wctype_h=yes
ac_cv_lib_ICE_IceConnectionNumber=yes
ac_cv_lib_ICE_IceOpenConnection=yes
ac_cv_lib_Xdmcp__XdmcpAuthDoIt=yes
ac_cv_lib_Xpm_XpmCreatePixmapFromData=yes
ac_cv_lib_acl_acl_get_file=no
ac_cv_lib_elf_main=no
ac_cv_lib_m_strtod=yes
ac_cv_lib_nsl_gethostbyname=yes
ac_cv_lib_posix1e_acl_get_file=no
ac_cv_lib_sec_acl_get=no
ac_cv_lib_selinux_is_selinux_enabled=yes
ac_cv_lib_socket_socket=no
ac_cv_lib_tinfo___tgetent=yes
ac_cv_lib_xpg4__xpg4_setrunelocale=no
ac_cv_objext=o
ac_cv_path_EGREP='/bin/grep -E'
ac_cv_path_FGREP='/bin/grep -F'
ac_cv_path_GREP=/bin/grep
ac_cv_path_PKG_CONFIG=/usr/bin/pkg-config
ac_cv_path_vi_cv_path_perl=/usr/bin/perl
ac_cv_path_vi_cv_path_python=/usr/bin/python2
ac_cv_path_vi_cv_path_ruby=/usr/bin/ruby
ac_cv_prog_AWK=mawk
ac_cv_prog_CPP='gcc -E'
ac_cv_prog_MSGFMT=msgfmt
ac_cv_prog_STRIP=strip
ac_cv_prog_ac_ct_CC=gcc
ac_cv_prog_cc_c89=
ac_cv_prog_cc_g=yes
ac_cv_prog_gcc_traditional=no
ac_cv_prog_make_make_set=yes
ac_cv_search_opendir='none required'
ac_cv_search_strerror='none required'
ac_cv_sizeof_int=4
ac_cv_sizeof_long=8
ac_cv_sizeof_off_t=8
ac_cv_sizeof_time_t=8
ac_cv_small_wchar_t=no
ac_cv_sys_file_offset_bits=no
ac_cv_sys_largefile_CC=no
ac_cv_sys_largefile_source=no
ac_cv_type_dev_t=yes
ac_cv_type_ino_t=yes
ac_cv_type_mode_t=yes
ac_cv_type_off_t=yes
ac_cv_type_pid_t=yes
ac_cv_type_rlim_t=yes
ac_cv_type_signal=void
ac_cv_type_size_t=yes
ac_cv_type_stack_t=yes
ac_cv_type_uid_t=yes
cf_cv_ebcdic=no
vi_cv_dll_name_python=libpython2.7.so.1.0
vi_cv_have_gpm=no
vi_cv_have_sysmouse=no
vi_cv_path_lua=
vi_cv_path_lua_pfx=/usr
vi_cv_path_perl=/usr/bin/perl
vi_cv_path_plain_lua=
vi_cv_path_python=/usr/bin/python2
vi_cv_path_python_conf=/usr/lib/python2.7/config-x86_64-linux-gnu
vi_cv_path_python_epfx=/usr
vi_cv_path_python_pfx=/usr
vi_cv_path_python_plibs='-L/usr/lib/python2.7/config-x86_64-linux-gnu -lpython2.7 -lpthread -ldl -lutil -lm -Xlinker -export-dynamic -Wl,-O1 -Wl,-Bsymbolic-functions'
vi_cv_path_pythonpath=:/usr/lib/python2.7:/usr/lib/python2.7/plat-x86_64-linux-gnu:/usr/lib/python2.7/lib-tk:/usr/lib/python2.7/lib-old:/usr/lib/python2.7/lib-dynload:/home/dante/.local/lib/python2.7/site-packages:/usr/local/lib/python2.7/dist-packages:/usr/lib/python2.7/dist-packages:/usr/lib/python2.7/dist-packages/PILcompat:/usr/lib/python2.7/dist-packages/gtk-2.0:/usr/lib/python2.7/dist-packages/ubuntu-sso-client
vi_cv_path_ruby=/usr/bin/ruby
vi_cv_perl_extutils=unknown_perl_extutils_path
vi_cv_perl_xsubpp=/usr/share/perl/5.20/ExtUtils/xsubpp
vi_cv_perllib=/usr/share/perl/5.20
vi_cv_var_python_version=2.7
vi_cv_version_lua=
vi_cv_with_luajit=no
vim_cv_getcwd_broken=no
vim_cv_memmove_handles_overlap=yes
vim_cv_stat_ignores_slash=no
vim_cv_terminfo=yes
vim_cv_tgent=zero
vim_cv_toupper_broken=no
vim_cv_tty_group=world

## ----------------- ##
## Output variables. ##
## ----------------- ##

AWK='mawk'
CC='gcc'
CFLAGS='-g -O2 -U_FORTIFY_SOURCE -D_FORTIFY_SOURCE=1'
CPP='gcc -E'
CPPFLAGS=''
CPP_MM='M'
DEFS='-DHAVE_CONFIG_H'
DEPEND_CFLAGS_FILTER='| sed '\''s+-I */+-isystem /+g'\'''
ECHO_C=''
ECHO_N='-n'
ECHO_T=''
EGREP='/bin/grep -E'
EXEEXT=''
EXNAME='ex'
FGREP='/bin/grep -F'
GNOME_INCLUDEDIR=''
GNOME_LIBDIR=''
GNOME_LIBS=''
GREP='/bin/grep'
GTK_CFLAGS=''
GTK_LIBNAME=''
GTK_LIBS=''
GUITYPE='NONE'
GUI_INC_LOC=''
GUI_LIB_LOC=''
GUI_X_LIBS=''
HANGULIN_OBJ=''
HANGULIN_SRC=''
INSTALL_LANGS='install-languages'
INSTALL_TOOL_LANGS='install-tool-languages'
LDFLAGS='-Wl,-E   -L/usr/local/lib -Wl,--as-needed'
LIBOBJS=''
LIBS='-lm -ltinfo  -lselinux  -ldl'
LINK_AS_NEEDED='yes'
LTLIBOBJS=''
LUA_CFLAGS='-I/usr/include/lua'
LUA_LIBS='-L/usr/lib -llua'
LUA_OBJ='objects/if_lua.o'
LUA_PRO='if_lua.pro'
LUA_SRC='if_lua.c'
MAKEMO='yes'
MOTIF_LIBNAME=''
MSGFMT='msgfmt'
MZSCHEME_CFLAGS=''
MZSCHEME_EXTRA=''
MZSCHEME_LIBS=''
MZSCHEME_MZC=''
MZSCHEME_OBJ=''
MZSCHEME_PRO=''
MZSCHEME_SRC=''
NARROW_PROTO=''
NETBEANS_OBJ=''
NETBEANS_SRC=''
OBJEXT='o'
OS_EXTRA_OBJ=''
OS_EXTRA_SRC=''
PACKAGE_BUGREPORT=''
PACKAGE_NAME=''
PACKAGE_STRING=''
PACKAGE_TARNAME=''
PACKAGE_URL=''
PACKAGE_VERSION=''
PATH_SEPARATOR=':'
PERL_CFLAGS=' -D_REENTRANT -D_GNU_SOURCE -DDEBIAN -fwrapv  -I/usr/local/include -D_LARGEFILE_SOURCE -D_FILE_OFFSET_BITS=64  -I/usr/lib/x86_64-linux-gnu/perl/5.20/CORE '
PERL_LIBS='-Wl,-E  -fstack-protector -L/usr/local/lib  -L/usr/lib/x86_64-linux-gnu/perl/5.20/CORE -lperl -ldl -lm -lpthread -lcrypt'
PERL_OBJ='objects/if_perl.o objects/if_perlsfio.o'
PERL_PRO='if_perl.pro if_perlsfio.pro'
PERL_SRC='auto/if_perl.c if_perlsfio.c'
PKG_CONFIG=''
PYTHON3_CFLAGS=''
PYTHON3_CONFDIR=''
PYTHON3_LIBS=''
PYTHON3_OBJ=''
PYTHON3_SRC=''
PYTHON_CFLAGS='-I/usr/include/python2.7 -DPYTHON_HOME='\''"/usr"'\'' -pthread -fPIE'
PYTHON_CONFDIR='/usr/lib/python2.7/config-x86_64-linux-gnu'
PYTHON_GETPATH_CFLAGS='-DPYTHONPATH='\''":/usr/lib/python2.7:/usr/lib/python2.7/plat-x86_64-linux-gnu:/usr/lib/python2.7/lib-tk:/usr/lib/python2.7/lib-old:/usr/lib/python2.7/lib-dynload:/home/dante/.local/lib/python2.7/site-packages:/usr/local/lib/python2.7/dist-packages:/usr/lib/python2.7/dist-packages:/usr/lib/python2.7/dist-packages/PILcompat:/usr/lib/python2.7/dist-packages/gtk-2.0:/usr/lib/python2.7/dist-packages/ubuntu-sso-client"'\'' -DPREFIX='\''"/usr"'\'' -DEXEC_PREFIX='\''"/usr"'\'''
PYTHON_LIBS='-L/usr/lib/python2.7/config-x86_64-linux-gnu -lpython2.7 -lpthread -ldl -lutil -lm -Xlinker -export-dynamic -Wl,-O1 -Wl,-Bsymbolic-functions'
PYTHON_OBJ='objects/if_python.o'
PYTHON_SRC='if_python.c'
QUOTESED='sed -e '\''s/[\\"]/\\&/g'\'' -e '\''s/\\"/"/'\'' -e '\''s/\\";$$/";/'\'''
RUBY_CFLAGS=''
RUBY_LIBS=''
RUBY_OBJ=''
RUBY_PRO=''
RUBY_SRC=''
SET_MAKE=''
SHELL='/bin/bash'
SNIFF_OBJ=''
SNIFF_SRC=''
STRIP='strip'
TAGPRG='ctags'
TCL_CFLAGS=''
TCL_LIBS=''
TCL_OBJ=''
TCL_PRO=''
TCL_SRC=''
VIEWNAME='view'
VIMNAME='vim'
WORKSHOP_OBJ=''
WORKSHOP_SRC=''
XCODE_SELECT=''
XMKMF=''
X_CFLAGS=' '
X_EXTRA_LIBS=' -lXdmcp -lSM -lICE'
X_LIB='-lXt -lX11'
X_LIBS=' '
X_PRE_LIBS=' -lSM -lICE -lXpm'
ac_ct_CC='gcc'
bindir='${exec_prefix}/bin'
build_alias=''
compiledby=''
datadir='${datarootdir}'
datarootdir='${prefix}/share'
docdir='${datarootdir}/doc/${PACKAGE}'
dogvimdiff='installgvimdiff'
dovimdiff='installvimdiff'
dvidir='${docdir}'
exec_prefix='${prefix}'
host_alias=''
htmldir='${docdir}'
includedir='${prefix}/include'
infodir='${datarootdir}/info'
libdir='${exec_prefix}/lib'
libexecdir='${exec_prefix}/libexec'
line_break='"\\012"'
localedir='${datarootdir}/locale'
localstatedir='${prefix}/var'
mandir='${datarootdir}/man'
oldincludedir='/usr/include'
pdfdir='${docdir}'
prefix='/usr'
program_transform_name='s,x,x,'
psdir='${docdir}'
sbindir='${exec_prefix}/sbin'
sharedstatedir='${prefix}/com'
shrpenv=''
sysconfdir='${prefix}/etc'
target_alias=''
vi_cv_path_lua=''
vi_cv_path_luajit=''
vi_cv_path_mzscheme=''
vi_cv_path_perl='/usr/bin/perl'
vi_cv_path_plain_lua=''
vi_cv_path_python3=''
vi_cv_path_python='/usr/bin/python2'
vi_cv_path_ruby='/usr/bin/ruby'
vi_cv_path_tcl=''
vi_cv_perl_xsubpp='/usr/share/perl/5.20/ExtUtils/xsubpp'
vi_cv_perllib='/usr/share/perl/5.20'
xmkmfpath=''

## ----------- ##
## confdefs.h. ##
## ----------- ##

/* confdefs.h */
#define PACKAGE_NAME ""
#define PACKAGE_TARNAME ""
#define PACKAGE_VERSION ""
#define PACKAGE_STRING ""
#define PACKAGE_BUGREPORT ""
#define PACKAGE_URL ""
#define UNIX 1
#define STDC_HEADERS 1
#define HAVE_SYS_WAIT_H 1
#define HAVE_SELINUX 1
#define FEAT_HUGE 1
#define USE_XSMP_INTERACT 1
#define FEAT_LUA 1
#define FEAT_PERL 1
#define FEAT_PYTHON 1
#define FEAT_CSCOPE 1
#define FEAT_MBYTE 1
#define HAVE_X11 1
#define HAVE_X11_SM_SMLIB_H 1
#define HAVE_DATE_TIME 1
#define HAVE_ATTRIBUTE_UNUSED 1
#define HAVE_DIRENT_H 1
#define HAVE_STDARG_H 1
#define HAVE_STDINT_H 1
#define HAVE_STDLIB_H 1
#define HAVE_STRING_H 1
#define HAVE_SYS_SELECT_H 1
#define HAVE_SYS_UTSNAME_H 1
#define HAVE_TERMCAP_H 1
#define HAVE_FCNTL_H 1
#define HAVE_SGTTY_H 1
#define HAVE_SYS_IOCTL_H 1
#define HAVE_SYS_TIME_H 1
#define HAVE_SYS_TYPES_H 1
#define HAVE_TERMIO_H 1
#define HAVE_ICONV_H 1
#define HAVE_INTTYPES_H 1
#define HAVE_LANGINFO_H 1
#define HAVE_MATH_H 1
#define HAVE_UNISTD_H 1
#define HAVE_STROPTS_H 1
#define HAVE_ERRNO_H 1
#define HAVE_SYS_RESOURCE_H 1
#define HAVE_LOCALE_H 1
#define HAVE_TERMIOS_H 1
#define HAVE_SYS_STATFS_H 1
#define HAVE_POLL_H 1
#define HAVE_SYS_POLL_H 1
#define HAVE_PWD_H 1
#define HAVE_UTIME_H 1
#define HAVE_SYS_PARAM_H 1
#define HAVE_LIBINTL_H 1
#define HAVE_LIBGEN_H 1
#define HAVE_SYS_SYSINFO_H 1
#define HAVE_WCHAR_H 1
#define HAVE_WCTYPE_H 1
#define HAVE_SYS_SYSCTL_H 1
#define HAVE_STRINGS_H 1
#define TIME_WITH_SYS_TIME 1
#define HAVE_LIBTINFO 1
#define TERMINFO 1
#define TGETENT_ZERO_ERR 0
#define HAVE_OSPEED 1
#define HAVE_UP_BC_PC 1
#define SYS_SELECT_WITH_SYS_TIME 1
#define HAVE_SVR4_PTYS 1
#define RETSIGTYPE void
#define SIGRETURN return
#define HAVE_SIGCONTEXT 1
#define HAVE_BCMP 1
#define HAVE_FCHDIR 1
#define HAVE_FCHOWN 1
#define HAVE_FSYNC 1
#define HAVE_GETCWD 1
#define HAVE_GETPWENT 1
#define HAVE_GETPWNAM 1
#define HAVE_GETPWUID 1
#define HAVE_GETRLIMIT 1
#define HAVE_GETTIMEOFDAY 1
#define HAVE_GETWD 1
#define HAVE_LSTAT 1
#define HAVE_MEMCMP 1
#define HAVE_MEMSET 1
#define HAVE_MKDTEMP 1
#define HAVE_NANOSLEEP 1
#define HAVE_OPENDIR 1
#define HAVE_PUTENV 1
#define HAVE_QSORT 1
#define HAVE_READLINK 1
#define HAVE_SELECT 1
#define HAVE_SETENV 1
#define HAVE_SETPGID 1
#define HAVE_SETSID 1
#define HAVE_SIGALTSTACK 1
#define HAVE_SIGSTACK 1
#define HAVE_SIGSET 1
#define HAVE_SIGACTION 1
#define HAVE_SIGVEC 1
#define HAVE_STRCASECMP 1
#define HAVE_STRERROR 1
#define HAVE_STRFTIME 1
#define HAVE_STRNCASECMP 1
#define HAVE_STRPBRK 1
#define HAVE_STRTOL 1
#define HAVE_TGETENT 1
#define HAVE_TOWLOWER 1
#define HAVE_TOWUPPER 1
#define HAVE_ISWUPPER 1
#define HAVE_USLEEP 1
#define HAVE_UTIME 1
#define HAVE_UTIMES 1
#define HAVE_FSEEKO 1
#define HAVE_ST_BLKSIZE 1
#define HAVE_ICONV 1
#define HAVE_NL_LANGINFO_CODESET 1
#define HAVE_LIBM 1
#define HAVE_FLOAT_FUNCS 1
#define HAVE_FD_CLOEXEC 1
#define HAVE_RENAME 1
#define HAVE_SYSINFO 1
#define HAVE_SYSINFO_MEM_UNIT 1
#define HAVE_SYSCONF 1
#define SIZEOF_INT 4
#define SIZEOF_LONG 8
#define SIZEOF_TIME_T 8
#define SIZEOF_OFF_T 8
#define VIM_SIZEOF_INT 4
#define VIM_SIZEOF_LONG 8
#define USEMEMMOVE 1
#define HAVE_XUTF8SETWMPROPERTIES 1
#define USEMAN_S 1
#define HAVE_GETTEXT 1
#define HAVE_BIND_TEXTDOMAIN_CODESET 1
#define HAVE_NL_MSG_CAT_CNTR 1
#define HAVE_DLFCN_H 1
#define HAVE_DLOPEN 1
#define HAVE_DLSYM 1
#define HAVE_SETJMP_H 1

configure: exit 0
